2021-04-12 05:00:47,317 - root - INFO - ------用户登录接口-----
2021-04-12 05:00:47,604 - root - INFO - 获取请求结果：{'access_token': 'a4013a54-7844-4998-8366-4d822e154a47', 'token_type': 'bearer', 'refresh_token': '8fcff248-e6af-48fb-8895-c644f59c93a6', 'expires_in': 43199, 'scope': 'server', 'license': 'made by qup'}
2021-04-12 05:00:47,612 - root - INFO - ------用户登录接口-----
2021-04-12 05:00:47,801 - root - INFO - 获取请求结果：{'success': 0, 'code': 0, 'msg': '用户不存在', 'data': '用户不存在'}
2021-04-12 05:00:47,807 - root - INFO - ------用户登录接口-----
2021-04-12 05:00:47,972 - root - INFO - 获取请求结果：{'success': 0, 'code': 0, 'msg': '用户不存在', 'data': '用户不存在'}
2021-04-12 05:00:47,978 - root - INFO - ------用户登录接口-----
2021-04-12 05:00:48,154 - root - INFO - 获取请求结果：{'success': 0, 'code': 0, 'msg': '用户不存在', 'data': '用户不存在'}
2021-04-12 05:00:48,163 - root - INFO - ------用户登录接口-----
2021-04-12 05:00:48,328 - root - INFO - 获取请求结果：{'success': 0, 'code': 0, 'msg': '用户不存在', 'data': '用户不存在'}
2021-04-12 05:00:48,489 - root - INFO - -----用户查询接口-----
2021-04-12 05:00:49,043 - root - INFO - 获取请求结果：{'code': '', 'data': {'page': 1, 'records': [{'account': 'SRM00009925', 'createBy': 'zhongzijian', 'createTime': '2021-04-06 11:27:32', 'email': '', 'isPan': 0, 'lastUpdateBy': '', 'lastUpdateTime': None, 'objectVersionNumber': None, 'password': '', 'phone': '15555555551', 'pinyin': '', 'pinyinShort': '', 'qq': '', 'roleNames': '供应商默认角色', 'state': 1, 'token': '', 'userId': '8f249ff4-d337-4e76-a49f-f4d337ce764d', 'userName': 'sco', 'vendorAccount': 'null02', 'vendorCode': '700615', 'vendorId': 'c2598e4a-9184-4c8c-998e-4a9184bc8c91', 'vendorName': '测试供应商101', 'vendorType': 1, 'weChat': '', 'wxOpenId': ''}], 'rows': 10, 'total': 1}, 'msg': '', 'success': 1}
2021-04-12 05:00:49,048 - root - INFO - -----用户编辑接口-----
2021-04-12 05:00:49,731 - root - INFO - 获取请求结果:{'code': '', 'data': None, 'msg': '', 'success': 1}
2021-04-12 05:00:49,779 - root - INFO - 获取请求结果:{'code': '', 'data': {'page': 1, 'records': [{'account': 'SRM00009731', 'createBy': 'zhongzijian', 'createTime': '2021-03-12 09:34:12', 'email': '', 'isPan': 0, 'lastUpdateBy': 'zhongzijian', 'lastUpdateTime': '2021-04-12 05:00:49', 'objectVersionNumber': None, 'password': '', 'phone': '15555555552', 'pinyin': '', 'pinyinShort': '', 'qq': '', 'roleNames': '客户', 'state': 1, 'token': '', 'userId': 'f7e5ba4f-4e62-480f-a5ba-4f4e62280fed', 'userName': '编辑测试', 'vendorAccount': '70061501', 'vendorCode': '700615', 'vendorId': 'c2598e4a-9184-4c8c-998e-4a9184bc8c91', 'vendorName': '测试供应商101', 'vendorType': 1, 'weChat': '', 'wxOpenId': ''}], 'rows': 10, 'total': 1}, 'msg': '', 'success': 1}
2021-04-12 05:00:49,788 - root - INFO - -----用户编辑接口-----
2021-04-12 05:00:49,818 - root - INFO - 获取请求结果:{'code': '', 'data': None, 'msg': '手机号重复!', 'success': 0}
2021-04-12 05:00:49,856 - root - INFO - 获取请求结果:{'code': '', 'data': {'page': 1, 'records': [{'account': 'SRM00009731', 'createBy': 'zhongzijian', 'createTime': '2021-03-12 09:34:12', 'email': '', 'isPan': 0, 'lastUpdateBy': 'zhongzijian', 'lastUpdateTime': '2021-04-12 05:00:49', 'objectVersionNumber': None, 'password': '', 'phone': '15555555552', 'pinyin': '', 'pinyinShort': '', 'qq': '', 'roleNames': '客户', 'state': 1, 'token': '', 'userId': 'f7e5ba4f-4e62-480f-a5ba-4f4e62280fed', 'userName': '编辑测试', 'vendorAccount': '70061501', 'vendorCode': '700615', 'vendorId': 'c2598e4a-9184-4c8c-998e-4a9184bc8c91', 'vendorName': '测试供应商101', 'vendorType': 1, 'weChat': '', 'wxOpenId': ''}], 'rows': 10, 'total': 1}, 'msg': '', 'success': 1}
2021-04-12 05:00:49,862 - root - INFO - -----用户编辑接口-----
2021-04-12 05:00:50,031 - root - INFO - 获取请求结果:{'code': '', 'data': None, 'msg': '', 'success': 1}
2021-04-12 05:00:50,066 - root - INFO - 获取请求结果:{'code': '', 'data': {'page': 1, 'records': [{'account': 'SRM00009731', 'createBy': 'zhongzijian', 'createTime': '2021-03-12 09:34:12', 'email': '', 'isPan': 0, 'lastUpdateBy': 'zhongzijian', 'lastUpdateTime': '2021-04-12 05:00:49', 'objectVersionNumber': None, 'password': '', 'phone': '15555555552', 'pinyin': '', 'pinyinShort': '', 'qq': '', 'roleNames': '供应商默认角色', 'state': 1, 'token': '', 'userId': 'f7e5ba4f-4e62-480f-a5ba-4f4e62280fed', 'userName': '编辑测试2', 'vendorAccount': '70061501', 'vendorCode': '700615', 'vendorId': 'c2598e4a-9184-4c8c-998e-4a9184bc8c91', 'vendorName': '测试供应商101', 'vendorType': 1, 'weChat': '', 'wxOpenId': ''}], 'rows': 10, 'total': 1}, 'msg': '', 'success': 1}
2021-04-12 05:00:50,271 - root - INFO - ----采购申请查询接口口----
2021-04-12 05:00:51,805 - root - INFO - 获取请求结果: {'code': '', 'data': {'page': 1, 'records': [{'buyerAccount': 'zhou', 'buyerName': '钟子鉴', 'companyCode': '6100', 'companyName': '板式家具公司', 'createBy': 'zhongzijian', 'createTime': '2021-03-19 16:08:00', 'dataSource': 1, 'lastUpdateBy': '', 'lastUpdateTime': None, 'objectVersionNumber': None, 'purchaseOrgCode': '1000', 'purchaseOrgName': '采购供应部', 'purchaseRequestDtlList': [], 'purchaseRequestId': '2d4ec627-9f04-45d1-8ec6-279f04a5d1db', 'purchaseRequestNo': 'PR2021031900001', 'reason': '', 'remark': '', 'state': 1, 'status': 200, 'syncMessage': '', 'syncStatus': 500}], 'rows': 10, 'total': 1}, 'msg': '', 'success': 1}
2021-04-12 05:00:51,812 - root - INFO - ----采购申请查询接口口----
2021-04-12 05:00:51,986 - root - INFO - 获取请求结果: {'code': '', 'data': {'page': 1, 'records': [{'buyerAccount': 'zhongzijian', 'buyerName': '钟子鉴', 'companyCode': '6100', 'companyName': '板式家具公司', 'createBy': 'zhongzijian', 'createTime': '2021-03-20 17:01:06', 'dataSource': 1, 'lastUpdateBy': 'zhongzijian', 'lastUpdateTime': '2021-04-09 11:00:05', 'objectVersionNumber': None, 'purchaseOrgCode': '1000', 'purchaseOrgName': '采购供应部', 'purchaseRequestDtlList': [], 'purchaseRequestId': '11fb833b-6a32-4bfc-bb83-3b6a327bfca6', 'purchaseRequestNo': 'PR2021032000011', 'reason': '', 'remark': 'be159d66-5462-4d81-85f4-26d3c63a648a', 'state': 1, 'status': 100, 'syncMessage': '', 'syncStatus': 500}, {'buyerAccount': 'liuliang', 'buyerName': '刘亮', 'companyCode': '6100', 'companyName': '板式家具公司', 'createBy': 'liuliang', 'createTime': '2021-03-10 10:46:03', 'dataSource': 1, 'lastUpdateBy': '', 'lastUpdateTime': None, 'objectVersionNumber': None, 'purchaseOrgCode': '1000', 'purchaseOrgName': '采购供应部', 'purchaseRequestDtlList': [], 'purchaseRequestId': '5bd151b4-689b-4ef9-9151-b4689b0ef9be', 'purchaseRequestNo': 'PR2021031000002', 'reason': '', 'remark': '2123', 'state': 1, 'status': 200, 'syncMessage': '', 'syncStatus': 500}, {'buyerAccount': 'xushuxian', 'buyerName': '许淑贤', 'companyCode': '6100', 'companyName': '板式家具公司', 'createBy': 'xushuxian', 'createTime': '2021-03-04 17:27:06', 'dataSource': 1, 'lastUpdateBy': '', 'lastUpdateTime': None, 'objectVersionNumber': None, 'purchaseOrgCode': '1000', 'purchaseOrgName': '采购供应部', 'purchaseRequestDtlList': [], 'purchaseRequestId': '89bef95d-c7e2-4357-bef9-5dc7e2e35784', 'purchaseRequestNo': 'PR2021030400006', 'reason': '', 'remark': '12345678', 'state': 1, 'status': 400, 'syncMessage': '', 'syncStatus': 500}, {'buyerAccount': 'xushuxian', 'buyerName': '许淑贤', 'companyCode': '6100', 'companyName': '板式家具公司', 'createBy': 'xushuxian', 'createTime': '2021-03-04 17:14:37', 'dataSource': 1, 'lastUpdateBy': '', 'lastUpdateTime': None, 'objectVersionNumber': None, 'purchaseOrgCode': '1000', 'purchaseOrgName': '采购供应部', 'purchaseRequestDtlList': [], 'purchaseRequestId': '10103614-b075-427f-9036-14b075527fe8', 'purchaseRequestNo': 'PR2021030400004', 'reason': '', 'remark': '1234567', 'state': 1, 'status': 200, 'syncMessage': '', 'syncStatus': 500}, {'buyerAccount': 'xushuxian', 'buyerName': '许淑贤', 'companyCode': '6100', 'companyName': '板式家具公司', 'createBy': 'xushuxian', 'createTime': '2021-03-04 17:11:55', 'dataSource': 1, 'lastUpdateBy': '', 'lastUpdateTime': None, 'objectVersionNumber': None, 'purchaseOrgCode': '1000', 'purchaseOrgName': '采购供应部', 'purchaseRequestDtlList': [], 'purchaseRequestId': '0ae98c24-fc8f-4587-a98c-24fc8fa587af', 'purchaseRequestNo': 'PR2021030400003', 'reason': '', 'remark': '1231313', 'state': 1, 'status': 200, 'syncMessage': '', 'syncStatus': 500}, {'buyerAccount': 'liuliang', 'buyerName': '刘亮', 'companyCode': '6200', 'companyName': '软体家具公司', 'createBy': 'liuliang', 'createTime': '2021-02-24 17:48:39', 'dataSource': 1, 'lastUpdateBy': '', 'lastUpdateTime': None, 'objectVersionNumber': None, 'purchaseOrgCode': '1000', 'purchaseOrgName': '采购供应部', 'purchaseRequestDtlList': [], 'purchaseRequestId': '8639cfae-2ab8-4b1c-b9cf-ae2ab8eb1c93', 'purchaseRequestNo': 'PR2021022400009', 'reason': '', 'remark': '123423', 'state': 1, 'status': 400, 'syncMessage': '', 'syncStatus': 500}, {'buyerAccount': 'wuxi', 'buyerName': '吴茜', 'companyCode': '6100', 'companyName': '板式家具公司', 'createBy': 'wuxi', 'createTime': '2020-09-08 08:31:54', 'dataSource': 1, 'lastUpdateBy': 'wuxi', 'lastUpdateTime': '2020-09-08 10:45:43', 'objectVersionNumber': None, 'purchaseOrgCode': '1000', 'purchaseOrgName': '采购供应部', 'purchaseRequestDtlList': [], 'purchaseRequestId': '5b770b55-2437-4671-b70b-5524374671f5', 'purchaseRequestNo': 'PR2020090800001', 'reason': '', 'remark': '11', 'state': 1, 'status': 200, 'syncMessage': '', 'syncStatus': 500}, {'buyerAccount': 'wuxi', 'buyerName': '吴茜', 'companyCode': '6800', 'companyName': '销售公司', 'createBy': 'wuxi', 'createTime': '2020-08-10 17:34:00', 'dataSource': 1, 'lastUpdateBy': '', 'lastUpdateTime': None, 'objectVersionNumber': None, 'purchaseOrgCode': '2000', 'purchaseOrgName': '销售公司', 'purchaseRequestDtlList': [], 'purchaseRequestId': 'af614af4-2cfd-4e7d-a14a-f42cfdbe7d8d', 'purchaseRequestNo': 'PR2020081000003', 'reason': '', 'remark': '测试6813工厂采购采购', 'state': 1, 'status': 200, 'syncMessage': '', 'syncStatus': 500}, {'buyerAccount': 'wuxi', 'buyerName': '吴茜', 'companyCode': '6100', 'companyName': '板式家具公司', 'createBy': 'wuxi', 'createTime': '2020-07-20 17:58:26', 'dataSource': 1, 'lastUpdateBy': 'wuxi', 'lastUpdateTime': '2020-07-20 18:00:04', 'objectVersionNumber': None, 'purchaseOrgCode': '1000', 'purchaseOrgName': '采购供应部', 'purchaseRequestDtlList': [], 'purchaseRequestId': 'bc6372ae-e15c-42fb-a372-aee15ce2fb37', 'purchaseRequestNo': 'PR2020072000006', 'reason': '', 'remark': '1234567890', 'state': 1, 'status': 200, 'syncMessage': '', 'syncStatus': 500}], 'rows': 10, 'total': 9}, 'msg': '', 'success': 1}
2021-04-12 05:00:51,991 - root - INFO - -----采购申请保存接口-----
2021-04-12 05:00:52,172 - root - INFO - 获取请求结果:{'code': '', 'data': None, 'msg': '', 'success': 1}
2021-04-12 05:00:52,321 - root - INFO - -----采购申请保存接口-----
2021-04-12 05:00:52,410 - root - INFO - 获取请求结果:{'code': '', 'data': None, 'msg': '', 'success': 1}
2021-04-12 05:00:52,521 - root - INFO - ----采购申请提交接口----
2021-04-12 05:00:52,542 - root - INFO - UUID为ffaf19a0-5c6a-4b22-af19-a05c6a0b2210
2021-04-12 05:00:52,881 - root - INFO - 获取请求结果{'code': '', 'data': None, 'msg': '', 'success': 1}
2021-04-12 05:00:52,885 - root - INFO - ----采购申请提交接口----
2021-04-12 05:00:52,907 - root - INFO - UUID为c97bd5c6-8b04-41e6-bbd5-c68b0411e615
2021-04-12 05:00:53,022 - root - INFO - 获取请求结果{'code': '', 'data': None, 'msg': '', 'success': 1}
2021-04-12 05:00:53,027 - root - INFO - ----采购申请提交接口----
2021-04-12 05:00:53,064 - root - INFO - UUID为677a8de4-e47b-44d3-ba8d-e4e47b14d3e4
2021-04-12 05:00:53,177 - root - INFO - 获取请求结果{'code': '', 'data': None, 'msg': '', 'success': 1}
2021-04-12 17:38:50,439 - root - INFO - ----采购申请提交接口----
2021-04-12 17:38:50,464 - root - INFO - UUID为a0f1be91-f503-4a8e-b1be-91f503ea8e55
2021-04-12 17:38:50,789 - root - INFO - 获取请求结果{'code': '', 'data': None, 'msg': '', 'success': 1}
2021-04-12 17:38:50,792 - root - INFO - ----采购申请提交接口----
2021-04-12 17:38:50,819 - root - INFO - UUID为bf96ea02-4287-4d73-96ea-0242872d73eb
2021-04-12 17:38:51,018 - root - INFO - 获取请求结果{'code': '', 'data': None, 'msg': '', 'success': 1}
2021-04-12 17:38:51,021 - root - INFO - ----采购申请提交接口----
2021-04-12 17:38:51,049 - root - INFO - UUID为a25f7480-0248-4823-9f74-800248d8236e
2021-04-12 17:38:51,182 - root - INFO - 获取请求结果{'code': '', 'data': None, 'msg': '', 'success': 1}
2021-04-12 17:42:40,730 - root - INFO - -----采购申请保存接口-----
2021-04-12 17:42:40,947 - root - INFO - -----采购申请保存接口-----
2021-04-12 17:43:02,736 - root - INFO - -----采购申请保存接口-----
2021-04-12 17:43:02,841 - root - INFO - 获取请求结果:{'code': '', 'data': None, 'msg': '', 'success': 1}
2021-04-12 17:43:03,011 - root - INFO - -----采购申请保存接口-----
2021-04-12 17:43:03,079 - root - INFO - 获取请求结果:{'code': '', 'data': None, 'msg': '', 'success': 1}
2021-04-12 17:43:35,970 - root - INFO - -----采购申请保存接口-----
2021-04-12 17:43:36,179 - root - INFO - -----采购申请保存接口-----
