2021-04-19 10:22:12,813 - root - INFO - ---采购申请导入---
2021-04-19 10:22:13,329 - root - INFO - ---采购申请导入---
2021-04-19 10:22:55,797 - root - INFO - ---采购申请导入---
2021-04-19 10:22:56,249 - root - INFO - ---采购申请导入---
2021-04-19 10:23:41,303 - root - INFO - ---采购申请导入---
2021-04-19 10:23:41,860 - root - INFO - ---采购申请导入---
2021-04-19 11:16:36,938 - root - INFO - 采购申请编辑与清空
2021-04-19 11:17:23,837 - root - INFO - 采购申请编辑与清空
2021-04-19 11:56:15,142 - root - INFO - 采购申请编辑与清空
2021-04-19 11:56:15,726 - root - INFO - 采购申请编辑与清空
2021-04-19 12:00:05,866 - root - INFO - 采购申请编辑与清空
2021-04-19 12:00:05,985 - root - INFO - 查询结果是{'code': '', 'data': {'page': 1, 'records': [], 'rows': 10, 'total': 0}, 'msg': '', 'success': 1}
2021-04-19 12:00:06,292 - root - INFO - 采购申请编辑与清空
2021-04-19 12:00:06,392 - root - INFO - 查询结果是{'code': '', 'data': {'page': 1, 'records': [], 'rows': 10, 'total': 0}, 'msg': '', 'success': 1}
2021-04-19 13:46:56,556 - root - INFO - ---采购申请导入---
2021-04-19 13:46:57,055 - root - INFO - ---采购申请导入---
2021-04-19 13:48:08,186 - root - INFO - ---采购申请导入---
2021-04-19 13:48:08,662 - root - INFO - ---采购申请导入---
2021-04-19 14:38:26,004 - root - INFO - 采购申请编辑与清空
2021-04-19 14:38:26,042 - root - INFO - 导入结果是{'code': '', 'data': None, 'msg': "导入错误:Convert excel format exception.You can try specifying the 'excelType' yourself", 'success': 0}
2021-04-19 14:38:26,085 - root - INFO - 查询结果是{'code': '', 'data': {'page': 1, 'records': [], 'rows': 10, 'total': 0}, 'msg': '', 'success': 1}
2021-04-19 14:38:26,457 - root - INFO - 采购申请编辑与清空
2021-04-19 14:38:26,494 - root - INFO - 导入结果是{'code': '', 'data': None, 'msg': "导入错误:Convert excel format exception.You can try specifying the 'excelType' yourself", 'success': 0}
2021-04-19 14:38:26,529 - root - INFO - 查询结果是{'code': '', 'data': {'page': 1, 'records': [], 'rows': 10, 'total': 0}, 'msg': '', 'success': 1}
2021-04-19 16:01:48,815 - root - INFO - 采购申请编辑与清空
2021-04-19 16:01:48,856 - root - INFO - 导入结果是{'code': '', 'data': None, 'msg': "导入错误:Convert excel format exception.You can try specifying the 'excelType' yourself", 'success': 0}
2021-04-19 16:01:48,887 - root - INFO - 查询结果是{'code': '', 'data': {'page': 1, 'records': [], 'rows': 10, 'total': 0}, 'msg': '', 'success': 1}
2021-04-19 16:01:48,889 - root - INFO - 抓取到lid是False
2021-04-19 16:01:49,243 - root - INFO - 采购申请编辑与清空
2021-04-19 16:01:49,281 - root - INFO - 导入结果是{'code': '', 'data': None, 'msg': "导入错误:Convert excel format exception.You can try specifying the 'excelType' yourself", 'success': 0}
2021-04-19 16:01:49,316 - root - INFO - 查询结果是{'code': '', 'data': {'page': 1, 'records': [], 'rows': 10, 'total': 0}, 'msg': '', 'success': 1}
2021-04-19 16:01:49,317 - root - INFO - 抓取到lid是False
