2021-02-25 15:01:57,702 - root - INFO - ------用户登录接口-----
2021-02-25 15:01:57,894 - root - INFO - 获取请求结果：{'access_token': '69522468-6d91-49cd-9a94-ba42bc110c22', 'token_type': 'bearer', 'refresh_token': 'f2a2a81a-aeff-4b75-a530-fc2adcbd029c', 'expires_in': 27705, 'scope': 'server', 'license': 'made by qup'}
2021-02-25 15:01:57,904 - root - INFO - ------用户登录接口-----
2021-02-25 15:01:58,035 - root - INFO - 获取请求结果：{'success': 0, 'code': 0, 'msg': '用户名或密码错误', 'data': '无效的例外'}
2021-02-25 15:01:58,048 - root - INFO - ------用户登录接口-----
2021-02-25 15:01:58,238 - root - INFO - 获取请求结果：{'success': 0, 'code': 0, 'msg': '用户不存在', 'data': '用户不存在'}
2021-02-25 15:01:58,247 - root - INFO - ------用户登录接口-----
2021-02-25 15:01:58,424 - root - INFO - 获取请求结果：{'success': 0, 'code': 0, 'msg': '用户不存在', 'data': '用户不存在'}
2021-02-25 15:01:58,434 - root - INFO - ------用户登录接口-----
2021-02-25 15:01:58,558 - root - INFO - 获取请求结果：{'success': 0, 'code': 0, 'msg': '用户名或密码错误', 'data': '无效的例外'}
2021-02-25 15:01:58,567 - root - INFO - ------用户登录接口-----
2021-02-25 15:01:58,781 - root - INFO - 获取请求结果：{'success': 0, 'code': 0, 'msg': '用户不存在', 'data': '用户不存在'}
2021-02-25 15:01:58,788 - root - INFO - ------用户登录接口-----
2021-02-25 15:01:58,899 - root - INFO - 获取请求结果：{'success': 0, 'code': 0, 'msg': '用户名或密码错误', 'data': '无效的例外'}
2021-02-25 15:01:58,908 - root - INFO - ------用户登录接口-----
2021-02-25 15:01:59,085 - root - INFO - 获取请求结果：{'success': 0, 'code': 0, 'msg': '用户不存在', 'data': '用户不存在'}
2021-02-25 15:01:59,094 - root - INFO - ------用户登录接口-----
2021-02-25 15:01:59,263 - root - INFO - 获取请求结果：{'success': 0, 'code': 0, 'msg': '用户名或密码错误', 'data': '无效的例外'}
2021-02-25 15:01:59,414 - root - INFO - -----用户新增接口-----
2021-02-25 15:01:59,880 - root - INFO - 获取请求结果：{'code': '', 'data': None, 'msg': '', 'success': 1}
2021-02-25 15:03:05,269 - root - INFO - ------用户登录接口-----
2021-02-25 15:03:05,426 - root - INFO - 获取请求结果：{'access_token': '69522468-6d91-49cd-9a94-ba42bc110c22', 'token_type': 'bearer', 'refresh_token': 'f2a2a81a-aeff-4b75-a530-fc2adcbd029c', 'expires_in': 27637, 'scope': 'server', 'license': 'made by qup'}
2021-02-25 15:03:05,436 - root - INFO - ------用户登录接口-----
2021-02-25 15:03:05,546 - root - INFO - 获取请求结果：{'success': 0, 'code': 0, 'msg': '用户名或密码错误', 'data': '无效的例外'}
2021-02-25 15:03:05,557 - root - INFO - ------用户登录接口-----
2021-02-25 15:03:05,739 - root - INFO - 获取请求结果：{'success': 0, 'code': 0, 'msg': '用户不存在', 'data': '用户不存在'}
2021-02-25 15:03:05,748 - root - INFO - ------用户登录接口-----
2021-02-25 15:03:05,921 - root - INFO - 获取请求结果：{'success': 0, 'code': 0, 'msg': '用户不存在', 'data': '用户不存在'}
2021-02-25 15:03:05,930 - root - INFO - ------用户登录接口-----
2021-02-25 15:03:06,059 - root - INFO - 获取请求结果：{'success': 0, 'code': 0, 'msg': '用户名或密码错误', 'data': '无效的例外'}
2021-02-25 15:03:06,068 - root - INFO - ------用户登录接口-----
2021-02-25 15:03:06,260 - root - INFO - 获取请求结果：{'success': 0, 'code': 0, 'msg': '用户不存在', 'data': '用户不存在'}
2021-02-25 15:03:06,269 - root - INFO - ------用户登录接口-----
2021-02-25 15:03:06,322 - root - INFO - 获取请求结果：{'success': 0, 'code': 0, 'msg': '用户帐号已被锁定', 'data': '无效的例外'}
2021-02-25 15:03:08,597 - root - INFO - ------用户登录接口-----
2021-02-25 15:03:08,781 - root - INFO - 获取请求结果：{'success': 0, 'code': 0, 'msg': '用户不存在', 'data': '用户不存在'}
2021-02-25 15:03:08,789 - root - INFO - ------用户登录接口-----
2021-02-25 15:03:08,957 - root - INFO - 获取请求结果：{'success': 0, 'code': 0, 'msg': '用户名或密码错误', 'data': '无效的例外'}
