2021-04-17 16:32:43,219 - root - INFO - ---采购申请导入---
2021-04-17 16:32:43,379 - root - INFO - ---采购申请导入---
2021-04-17 16:33:47,999 - root - INFO - ---采购申请导入---
2021-04-17 16:33:48,146 - root - INFO - ---采购申请导入---
2021-04-17 16:34:06,784 - root - INFO - ---采购申请导入---
2021-04-17 16:34:06,950 - root - INFO - ---采购申请导入---
2021-04-17 16:34:41,703 - root - INFO - ---采购申请导入---
2021-04-17 16:34:41,828 - root - INFO - ---采购申请导入---
2021-04-17 16:35:25,451 - root - INFO - ---采购申请导入---
2021-04-17 16:35:25,588 - root - INFO - ---采购申请导入---
2021-04-17 16:37:21,255 - root - INFO - ---采购申请导入---
2021-04-17 16:37:21,396 - root - INFO - ---采购申请导入---
2021-04-17 16:39:57,747 - root - INFO - ---采购申请导入---
2021-04-17 16:39:57,897 - root - INFO - ---采购申请导入---
2021-04-17 16:45:02,219 - root - INFO - ---采购申请导入---
2021-04-17 16:45:02,346 - root - INFO - ---采购申请导入---
2021-04-17 16:45:25,468 - root - INFO - ---采购申请导入---
2021-04-17 16:45:25,512 - root - INFO - ---采购申请导入---
2021-04-17 16:49:24,857 - root - INFO - ---采购申请导入---
2021-04-17 16:49:24,905 - root - INFO - ---采购申请导入---
2021-04-17 17:01:17,236 - root - INFO - ---采购申请导入---
2021-04-17 17:01:17,289 - root - INFO - ---采购申请导入---
2021-04-17 17:01:17,337 - root - INFO - ---采购申请导入---
2021-04-17 17:06:21,446 - root - INFO - ---采购申请导入---
2021-04-17 17:06:21,553 - root - INFO - ---采购申请导入---
2021-04-17 17:07:57,282 - root - INFO - ---采购申请删除接口---
2021-04-17 17:07:58,182 - root - INFO - ---采购申请删除接口---
2021-04-17 17:07:58,528 - root - INFO - ---采购申请删除接口---
2021-04-17 17:07:58,796 - root - INFO - ---采购申请删除接口---
2021-04-17 17:17:57,689 - root - INFO - ---采购申请导入---
2021-04-17 17:17:58,161 - root - INFO - ---采购申请导入---
2021-04-17 17:19:46,704 - root - INFO - ---采购申请导入---
2021-04-17 17:19:47,040 - root - INFO - ---采购申请导入---
2021-04-17 17:27:58,160 - root - INFO - -----采购申请保存接口-----
2021-04-17 17:27:58,239 - root - INFO - 获取请求结果:{'code': '', 'data': None, 'msg': '', 'success': 1}
2021-04-17 17:27:58,484 - root - INFO - -----采购申请保存接口-----
2021-04-17 17:27:58,567 - root - INFO - 获取请求结果:{'code': '', 'data': None, 'msg': '', 'success': 1}
2021-04-17 17:29:23,705 - root - INFO - ----采购申请查询接口口----
2021-04-17 17:29:23,856 - root - INFO - 获取请求结果: {'code': '', 'data': {'page': 1, 'records': [], 'rows': 10, 'total': 1}, 'msg': '', 'success': 1}
2021-04-17 17:29:23,978 - root - INFO - ----采购申请查询接口口----
2021-04-17 17:29:24,122 - root - INFO - 获取请求结果: {'code': '', 'data': {'page': 1, 'records': [], 'rows': 10, 'total': 99}, 'msg': '', 'success': 1}
2021-04-17 17:29:45,160 - root - INFO - ----采购申请查询接口口----
2021-04-17 17:29:45,293 - root - INFO - 获取请求结果: {'code': '', 'data': {'page': 1, 'records': [{'buyerAccount': 'zhou', 'buyerName': '钟子鉴', 'companyCode': '6100', 'companyName': '板式家具公司', 'createBy': 'zhongzijian', 'createTime': '2021-03-19 16:08:00', 'dataSource': 1, 'lastUpdateBy': '', 'lastUpdateTime': None, 'objectVersionNumber': None, 'purchaseOrgCode': '1000', 'purchaseOrgName': '采购供应部', 'purchaseRequestDtlList': [], 'purchaseRequestId': '2d4ec627-9f04-45d1-8ec6-279f04a5d1db', 'purchaseRequestNo': 'PR2021031900001', 'reason': '', 'remark': '', 'state': 1, 'status': 200, 'syncMessage': '', 'syncStatus': 500}], 'rows': 10, 'total': 1}, 'msg': '', 'success': 1}
2021-04-17 17:29:45,302 - root - INFO - ----采购申请查询接口口----
2021-04-17 17:29:45,420 - root - INFO - 获取请求结果: {'code': '', 'data': {'page': 1, 'records': [{'buyerAccount': 'zhongzijian', 'buyerName': '钟子鉴', 'companyCode': '6100', 'companyName': '板式家具公司', 'createBy': 'zhongzijian', 'createTime': '2021-04-17 17:25:39', 'dataSource': 1, 'lastUpdateBy': '', 'lastUpdateTime': None, 'objectVersionNumber': None, 'purchaseOrgCode': '1000', 'purchaseOrgName': '采购供应部', 'purchaseRequestDtlList': [], 'purchaseRequestId': 'c2fb4ead-3d0e-4011-bb4e-ad3d0e9011dd', 'purchaseRequestNo': 'PR2021041700004', 'reason': '', 'remark': '3a394de0-2708-4680-820b-02044bb63716', 'state': 1, 'status': 200, 'syncMessage': '', 'syncStatus': 500}, {'buyerAccount': 'zhongzijian', 'buyerName': '钟子鉴', 'companyCode': '6100', 'companyName': '板式家具公司', 'createBy': 'zhongzijian', 'createTime': '2021-04-17 17:25:38', 'dataSource': 1, 'lastUpdateBy': '', 'lastUpdateTime': None, 'objectVersionNumber': None, 'purchaseOrgCode': '1000', 'purchaseOrgName': '采购供应部', 'purchaseRequestDtlList': [], 'purchaseRequestId': '52454c78-90b9-4314-854c-7890b98314d6', 'purchaseRequestNo': 'PR2021041700002', 'reason': '', 'remark': 'abb7e711-7720-4b8a-8863-dd692560a4a6', 'state': 1, 'status': 200, 'syncMessage': '', 'syncStatus': 500}, {'buyerAccount': 'yangbo6', 'buyerName': '钟子鉴', 'companyCode': '6100', 'companyName': '板式家具公司', 'createBy': 'zhongzijian', 'createTime': '2021-04-17 17:25:38', 'dataSource': 1, 'lastUpdateBy': '', 'lastUpdateTime': None, 'objectVersionNumber': None, 'purchaseOrgCode': '1000', 'purchaseOrgName': '采购供应部', 'purchaseRequestDtlList': [], 'purchaseRequestId': '209abf3c-06a1-4aab-9abf-3c06a1aaab38', 'purchaseRequestNo': 'PR2021041700003', 'reason': '', 'remark': '7db0808d-9ae1-4287-9f3d-9a80cd552f6c', 'state': 1, 'status': 200, 'syncMessage': '', 'syncStatus': 500}, {'buyerAccount': 'zhongzijian', 'buyerName': '钟子鉴', 'companyCode': '6100', 'companyName': '板式家具公司', 'createBy': 'zhongzijian', 'createTime': '2021-04-16 13:50:46', 'dataSource': 1, 'lastUpdateBy': '', 'lastUpdateTime': None, 'objectVersionNumber': None, 'purchaseOrgCode': '1000', 'purchaseOrgName': '采购供应部', 'purchaseRequestDtlList': [], 'purchaseRequestId': 'a50ceae1-1b54-4aa2-8cea-e11b542aa21b', 'purchaseRequestNo': 'PR2021041600012', 'reason': '', 'remark': 'a2748067-cf62-485f-957d-f112c53ea04a', 'state': 1, 'status': 200, 'syncMessage': '', 'syncStatus': 500}, {'buyerAccount': 'yangbo6', 'buyerName': '钟子鉴', 'companyCode': '6100', 'companyName': '板式家具公司', 'createBy': 'zhongzijian', 'createTime': '2021-04-16 13:50:45', 'dataSource': 1, 'lastUpdateBy': '', 'lastUpdateTime': None, 'objectVersionNumber': None, 'purchaseOrgCode': '1000', 'purchaseOrgName': '采购供应部', 'purchaseRequestDtlList': [], 'purchaseRequestId': '5b5ccedb-b7e4-4d99-9cce-dbb7e49d99dd', 'purchaseRequestNo': 'PR2021041600011', 'reason': '', 'remark': '23942ec6-33ac-4b9f-a3ec-076ba1dd5943', 'state': 1, 'status': 200, 'syncMessage': '', 'syncStatus': 500}, {'buyerAccount': 'zhongzijian', 'buyerName': '钟子鉴', 'companyCode': '6100', 'companyName': '板式家具公司', 'createBy': 'zhongzijian', 'createTime': '2021-04-16 13:50:44', 'dataSource': 1, 'lastUpdateBy': '', 'lastUpdateTime': None, 'objectVersionNumber': None, 'purchaseOrgCode': '1000', 'purchaseOrgName': '采购供应部', 'purchaseRequestDtlList': [], 'purchaseRequestId': '4a1c6933-1983-4c63-9c69-331983ec6382', 'purchaseRequestNo': 'PR2021041600010', 'reason': '', 'remark': 'd2b39784-f914-4ca7-a1bc-e45681ab9b58', 'state': 1, 'status': 200, 'syncMessage': '', 'syncStatus': 500}, {'buyerAccount': 'yangbo6', 'buyerName': '钟子鉴', 'companyCode': '6100', 'companyName': '板式家具公司', 'createBy': 'zhongzijian', 'createTime': '2021-04-16 09:43:36', 'dataSource': 1, 'lastUpdateBy': '', 'lastUpdateTime': None, 'objectVersionNumber': None, 'purchaseOrgCode': '1000', 'purchaseOrgName': '采购供应部', 'purchaseRequestDtlList': [], 'purchaseRequestId': '2a9151bc-c60a-4f0f-9151-bcc60a9f0fd3', 'purchaseRequestNo': 'PR2021041600008', 'reason': '', 'remark': 'e1d0c445-eb23-47cd-b776-60a6aeb15700', 'state': 1, 'status': 200, 'syncMessage': '', 'syncStatus': 500}, {'buyerAccount': 'zhongzijian', 'buyerName': '钟子鉴', 'companyCode': '6100', 'companyName': '板式家具公司', 'createBy': 'zhongzijian', 'createTime': '2021-04-16 09:43:36', 'dataSource': 1, 'lastUpdateBy': '', 'lastUpdateTime': None, 'objectVersionNumber': None, 'purchaseOrgCode': '1000', 'purchaseOrgName': '采购供应部', 'purchaseRequestDtlList': [], 'purchaseRequestId': '26cadfbd-d5e2-46d2-8adf-bdd5e2b6d292', 'purchaseRequestNo': 'PR2021041600009', 'reason': '', 'remark': '168a906d-ee8c-46f0-b63c-60770133fb5b', 'state': 1, 'status': 200, 'syncMessage': '', 'syncStatus': 500}, {'buyerAccount': 'zhongzijian', 'buyerName': '钟子鉴', 'companyCode': '6100', 'companyName': '板式家具公司', 'createBy': 'zhongzijian', 'createTime': '2021-04-16 09:43:35', 'dataSource': 1, 'lastUpdateBy': '', 'lastUpdateTime': None, 'objectVersionNumber': None, 'purchaseOrgCode': '1000', 'purchaseOrgName': '采购供应部', 'purchaseRequestDtlList': [], 'purchaseRequestId': '943746f2-13c7-42e9-b746-f213c7f2e924', 'purchaseRequestNo': 'PR2021041600007', 'reason': '', 'remark': '0ef90abc-5fe7-44ae-9788-7179813865eb', 'state': 1, 'status': 200, 'syncMessage': '', 'syncStatus': 500}, {'buyerAccount': 'yangbo6', 'buyerName': '钟子鉴', 'companyCode': '6100', 'companyName': '板式家具公司', 'createBy': 'zhongzijian', 'createTime': '2021-04-16 06:00:42', 'dataSource': 1, 'lastUpdateBy': '', 'lastUpdateTime': None, 'objectVersionNumber': None, 'purchaseOrgCode': '1000', 'purchaseOrgName': '采购供应部', 'purchaseRequestDtlList': [], 'purchaseRequestId': '643799bb-2790-4754-b799-bb27904754c6', 'purchaseRequestNo': 'PR2021041600005', 'reason': '', 'remark': 'be207c62-5481-485b-80a6-79c47f038492', 'state': 1, 'status': 200, 'syncMessage': '', 'syncStatus': 500}], 'rows': 10, 'total': 11}, 'msg': '', 'success': 1}
