2021-03-12 09:34:11,585 - root - INFO - -----用户新增接口-----
2021-03-12 09:34:11,901 - root - INFO - 获取请求结果：{'code': '', 'data': None, 'msg': '', 'success': 1}
2021-03-12 09:34:11,976 - root - INFO - -----用户新增接口-----
2021-03-12 09:34:12,189 - root - INFO - 获取请求结果：{'code': '', 'data': None, 'msg': '', 'success': 1}
2021-03-12 09:48:27,472 - root - INFO - -----用户新增接口-----
2021-03-12 09:48:27,714 - root - INFO - 获取请求结果：{'code': '', 'data': None, 'msg': '', 'success': 1}
2021-03-12 09:48:27,803 - root - INFO - -----用户新增接口-----
2021-03-12 09:48:28,001 - root - INFO - 获取请求结果：{'code': '', 'data': None, 'msg': '', 'success': 1}
2021-03-12 09:48:46,734 - root - INFO - -----用户新增接口-----
2021-03-12 09:48:46,923 - root - INFO - 获取请求结果：{'code': '', 'data': None, 'msg': '', 'success': 1}
2021-03-12 09:48:47,053 - root - INFO - -----用户新增接口-----
2021-03-12 09:48:47,289 - root - INFO - 获取请求结果：{'code': '', 'data': None, 'msg': '', 'success': 1}
2021-03-12 10:15:10,106 - root - INFO - ------用户登录接口-----
2021-03-12 10:15:10,275 - root - INFO - 获取请求结果：{'access_token': 'c172704c-cf3e-4f97-a27d-8633c4f8b347', 'token_type': 'bearer', 'refresh_token': '976450b1-837b-4676-bfee-a8eb55078213', 'expires_in': 11352, 'scope': 'server', 'license': 'made by qup'}
2021-03-12 10:15:10,286 - root - INFO - ------用户登录接口-----
2021-03-12 10:15:10,477 - root - INFO - 获取请求结果：{'success': 0, 'code': 0, 'msg': '用户不存在', 'data': '用户不存在'}
2021-03-12 10:15:10,487 - root - INFO - ------用户登录接口-----
2021-03-12 10:15:10,645 - root - INFO - 获取请求结果：{'success': 0, 'code': 0, 'msg': '用户不存在', 'data': '用户不存在'}
2021-03-12 10:15:10,655 - root - INFO - ------用户登录接口-----
2021-03-12 10:15:10,824 - root - INFO - 获取请求结果：{'success': 0, 'code': 0, 'msg': '用户不存在', 'data': '用户不存在'}
2021-03-12 10:15:10,835 - root - INFO - ------用户登录接口-----
2021-03-12 10:15:11,007 - root - INFO - 获取请求结果：{'success': 0, 'code': 0, 'msg': '用户不存在', 'data': '用户不存在'}
2021-03-12 10:15:11,542 - root - INFO - -----用户新增接口-----
2021-03-12 10:15:11,806 - root - INFO - 获取请求结果：{'code': '', 'data': None, 'msg': '', 'success': 1}
2021-03-12 10:15:11,892 - root - INFO - -----用户新增接口-----
2021-03-12 10:15:12,206 - root - INFO - 获取请求结果：{'code': '', 'data': None, 'msg': '', 'success': 1}
2021-03-12 10:15:12,213 - root - INFO - -----用户查询接口-----
2021-03-12 10:15:12,263 - root - INFO - 获取请求结果：{'code': '', 'data': {'page': 1, 'records': [{'account': 'SRM00009737', 'createBy': 'zhongzijian', 'createTime': '2021-03-12 10:15:11', 'email': '', 'isPan': 0, 'lastUpdateBy': '', 'lastUpdateTime': None, 'objectVersionNumber': None, 'password': '', 'phone': '15555555551', 'pinyin': '', 'pinyinShort': '', 'qq': '', 'roleNames': '供应商默认角色', 'state': 1, 'token': '', 'userId': '1723e0dd-e5b4-4c6c-a3e0-dde5b4bc6c3c', 'userName': 'sco', 'vendorAccount': 'null02', 'vendorCode': '700615', 'vendorId': 'c2598e4a-9184-4c8c-998e-4a9184bc8c91', 'vendorName': '太君里面请', 'vendorType': 1, 'weChat': '', 'wxOpenId': ''}], 'rows': 10, 'total': 1}, 'msg': '', 'success': 1}
2021-03-12 14:27:34,035 - root - INFO - -----用户编辑接口-----
2021-03-12 14:27:34,084 - root - INFO - 获取请求结果:{'code': '', 'data': None, 'msg': '手机号重复!', 'success': 0}
2021-03-12 14:27:34,145 - root - INFO - 获取请求结果:{'code': '', 'data': {'page': 1, 'records': [{'account': 'SRM00009731', 'createBy': 'zhongzijian', 'createTime': '2021-03-12 09:34:12', 'email': '', 'isPan': 0, 'lastUpdateBy': 'zhongzijian', 'lastUpdateTime': '2021-03-12 14:21:11', 'objectVersionNumber': None, 'password': '', 'phone': '15555555552', 'pinyin': '', 'pinyinShort': '', 'qq': '', 'roleNames': '供应商默认角色,客户', 'state': 1, 'token': '', 'userId': 'f7e5ba4f-4e62-480f-a5ba-4f4e62280fed', 'userName': 'sco', 'vendorAccount': '70061501', 'vendorCode': '700615', 'vendorId': 'c2598e4a-9184-4c8c-998e-4a9184bc8c91', 'vendorName': '太君里面请', 'vendorType': 1, 'weChat': '', 'wxOpenId': ''}], 'rows': 10, 'total': 1}, 'msg': '', 'success': 1}
2021-03-12 14:30:42,753 - root - INFO - -----用户编辑接口-----
2021-03-12 14:30:42,838 - root - INFO - 获取请求结果:{'code': '', 'data': None, 'msg': '', 'success': 1}
2021-03-12 14:30:42,888 - root - INFO - 获取请求结果:{'code': '', 'data': {'page': 1, 'records': [{'account': 'SRM00009731', 'createBy': 'zhongzijian', 'createTime': '2021-03-12 09:34:12', 'email': '', 'isPan': 0, 'lastUpdateBy': 'zhongzijian', 'lastUpdateTime': '2021-03-12 14:30:42', 'objectVersionNumber': None, 'password': '', 'phone': '15555555552', 'pinyin': '', 'pinyinShort': '', 'qq': '', 'roleNames': '客户', 'state': 1, 'token': '', 'userId': 'f7e5ba4f-4e62-480f-a5ba-4f4e62280fed', 'userName': '编辑测试', 'vendorAccount': '70061501', 'vendorCode': '700615', 'vendorId': 'c2598e4a-9184-4c8c-998e-4a9184bc8c91', 'vendorName': '太君里面请', 'vendorType': 1, 'weChat': '', 'wxOpenId': ''}], 'rows': 10, 'total': 1}, 'msg': '', 'success': 1}
2021-03-12 14:38:53,090 - root - INFO - -----用户编辑接口-----
2021-03-12 14:38:53,199 - root - INFO - 获取请求结果:{'code': '', 'data': None, 'msg': '', 'success': 1}
2021-03-12 14:38:53,260 - root - INFO - 获取请求结果:{'code': '', 'data': {'page': 1, 'records': [{'account': 'SRM00009731', 'createBy': 'zhongzijian', 'createTime': '2021-03-12 09:34:12', 'email': '', 'isPan': 0, 'lastUpdateBy': 'zhongzijian', 'lastUpdateTime': '2021-03-12 14:38:53', 'objectVersionNumber': None, 'password': '', 'phone': '15555555552', 'pinyin': '', 'pinyinShort': '', 'qq': '', 'roleNames': '客户', 'state': 1, 'token': '', 'userId': 'f7e5ba4f-4e62-480f-a5ba-4f4e62280fed', 'userName': '编辑测试', 'vendorAccount': '70061501', 'vendorCode': '700615', 'vendorId': 'c2598e4a-9184-4c8c-998e-4a9184bc8c91', 'vendorName': '太君里面请', 'vendorType': 1, 'weChat': '', 'wxOpenId': ''}], 'rows': 10, 'total': 1}, 'msg': '', 'success': 1}
2021-03-12 14:41:15,884 - root - INFO - -----用户编辑接口-----
2021-03-12 14:41:16,030 - root - INFO - 获取请求结果:{'code': '', 'data': None, 'msg': '', 'success': 1}
2021-03-12 14:41:16,086 - root - INFO - 获取请求结果:{'code': '', 'data': {'page': 1, 'records': [{'account': 'SRM00009731', 'createBy': 'zhongzijian', 'createTime': '2021-03-12 09:34:12', 'email': '', 'isPan': 0, 'lastUpdateBy': 'zhongzijian', 'lastUpdateTime': '2021-03-12 14:41:15', 'objectVersionNumber': None, 'password': '', 'phone': '15555555552', 'pinyin': '', 'pinyinShort': '', 'qq': '', 'roleNames': '客户', 'state': 1, 'token': '', 'userId': 'f7e5ba4f-4e62-480f-a5ba-4f4e62280fed', 'userName': '编辑测试', 'vendorAccount': '70061501', 'vendorCode': '700615', 'vendorId': 'c2598e4a-9184-4c8c-998e-4a9184bc8c91', 'vendorName': '太君里面请', 'vendorType': 1, 'weChat': '', 'wxOpenId': ''}], 'rows': 10, 'total': 1}, 'msg': '', 'success': 1}
2021-03-12 14:43:13,679 - root - INFO - -----用户编辑接口-----
2021-03-12 14:43:13,767 - root - INFO - 获取请求结果:{'code': '', 'data': None, 'msg': '', 'success': 1}
2021-03-12 14:43:13,823 - root - INFO - 获取请求结果:{'code': '', 'data': {'page': 1, 'records': [{'account': 'SRM00009731', 'createBy': 'zhongzijian', 'createTime': '2021-03-12 09:34:12', 'email': '', 'isPan': 0, 'lastUpdateBy': 'zhongzijian', 'lastUpdateTime': '2021-03-12 14:43:13', 'objectVersionNumber': None, 'password': '', 'phone': '15555555552', 'pinyin': '', 'pinyinShort': '', 'qq': '', 'roleNames': '客户', 'state': 1, 'token': '', 'userId': 'f7e5ba4f-4e62-480f-a5ba-4f4e62280fed', 'userName': '编辑测试', 'vendorAccount': '70061501', 'vendorCode': '700615', 'vendorId': 'c2598e4a-9184-4c8c-998e-4a9184bc8c91', 'vendorName': '太君里面请', 'vendorType': 1, 'weChat': '', 'wxOpenId': ''}], 'rows': 10, 'total': 1}, 'msg': '', 'success': 1}
2021-03-12 16:41:53,837 - root - INFO - -----用户编辑接口-----
2021-03-12 16:41:53,950 - root - INFO - 获取请求结果:{'code': '', 'data': None, 'msg': '', 'success': 1}
2021-03-12 16:41:54,011 - root - INFO - 获取请求结果:{'code': '', 'data': {'page': 1, 'records': [{'account': 'SRM00009731', 'createBy': 'zhongzijian', 'createTime': '2021-03-12 09:34:12', 'email': '', 'isPan': 0, 'lastUpdateBy': 'zhongzijian', 'lastUpdateTime': '2021-03-12 16:41:53', 'objectVersionNumber': None, 'password': '', 'phone': '15555555552', 'pinyin': '', 'pinyinShort': '', 'qq': '', 'roleNames': '客户', 'state': 1, 'token': '', 'userId': 'f7e5ba4f-4e62-480f-a5ba-4f4e62280fed', 'userName': '编辑测试', 'vendorAccount': '70061501', 'vendorCode': '700615', 'vendorId': 'c2598e4a-9184-4c8c-998e-4a9184bc8c91', 'vendorName': '太君里面请', 'vendorType': 1, 'weChat': '', 'wxOpenId': ''}], 'rows': 10, 'total': 1}, 'msg': '', 'success': 1}
2021-03-12 16:42:45,546 - root - INFO - -----用户编辑接口-----
2021-03-12 16:42:45,629 - root - INFO - 获取请求结果:{'code': '', 'data': None, 'msg': '', 'success': 1}
2021-03-12 16:42:45,677 - root - INFO - 获取请求结果:{'code': '', 'data': {'page': 1, 'records': [{'account': 'SRM00009731', 'createBy': 'zhongzijian', 'createTime': '2021-03-12 09:34:12', 'email': '', 'isPan': 0, 'lastUpdateBy': 'zhongzijian', 'lastUpdateTime': '2021-03-12 16:42:45', 'objectVersionNumber': None, 'password': '', 'phone': '15555555552', 'pinyin': '', 'pinyinShort': '', 'qq': '', 'roleNames': '客户', 'state': 1, 'token': '', 'userId': 'f7e5ba4f-4e62-480f-a5ba-4f4e62280fed', 'userName': '编辑测试', 'vendorAccount': '70061501', 'vendorCode': '700615', 'vendorId': 'c2598e4a-9184-4c8c-998e-4a9184bc8c91', 'vendorName': '太君里面请', 'vendorType': 1, 'weChat': '', 'wxOpenId': ''}], 'rows': 10, 'total': 1}, 'msg': '', 'success': 1}
2021-03-12 16:43:12,511 - root - INFO - -----用户编辑接口-----
2021-03-12 16:43:12,630 - root - INFO - 获取请求结果:{'code': '', 'data': None, 'msg': '', 'success': 1}
2021-03-12 16:43:12,677 - root - INFO - 获取请求结果:{'code': '', 'data': {'page': 1, 'records': [{'account': 'SRM00009731', 'createBy': 'zhongzijian', 'createTime': '2021-03-12 09:34:12', 'email': '', 'isPan': 0, 'lastUpdateBy': 'zhongzijian', 'lastUpdateTime': '2021-03-12 16:43:12', 'objectVersionNumber': None, 'password': '', 'phone': '15555555552', 'pinyin': '', 'pinyinShort': '', 'qq': '', 'roleNames': '客户', 'state': 1, 'token': '', 'userId': 'f7e5ba4f-4e62-480f-a5ba-4f4e62280fed', 'userName': '编辑测试', 'vendorAccount': '70061501', 'vendorCode': '700615', 'vendorId': 'c2598e4a-9184-4c8c-998e-4a9184bc8c91', 'vendorName': '太君里面请', 'vendorType': 1, 'weChat': '', 'wxOpenId': ''}], 'rows': 10, 'total': 1}, 'msg': '', 'success': 1}
2021-03-12 16:43:53,961 - root - INFO - -----用户编辑接口-----
2021-03-12 16:43:54,071 - root - INFO - 获取请求结果:{'code': '', 'data': None, 'msg': '', 'success': 1}
2021-03-12 16:43:54,122 - root - INFO - 获取请求结果:{'code': '', 'data': {'page': 1, 'records': [{'account': 'SRM00009731', 'createBy': 'zhongzijian', 'createTime': '2021-03-12 09:34:12', 'email': '', 'isPan': 0, 'lastUpdateBy': 'zhongzijian', 'lastUpdateTime': '2021-03-12 16:43:54', 'objectVersionNumber': None, 'password': '', 'phone': '15555555552', 'pinyin': '', 'pinyinShort': '', 'qq': '', 'roleNames': '客户', 'state': 1, 'token': '', 'userId': 'f7e5ba4f-4e62-480f-a5ba-4f4e62280fed', 'userName': '编辑测试', 'vendorAccount': '70061501', 'vendorCode': '700615', 'vendorId': 'c2598e4a-9184-4c8c-998e-4a9184bc8c91', 'vendorName': '太君里面请', 'vendorType': 1, 'weChat': '', 'wxOpenId': ''}], 'rows': 10, 'total': 1}, 'msg': '', 'success': 1}
2021-03-12 16:44:18,839 - root - INFO - -----用户编辑接口-----
2021-03-12 16:44:18,919 - root - INFO - 获取请求结果:{'code': '', 'data': None, 'msg': '', 'success': 1}
2021-03-12 16:44:18,965 - root - INFO - 获取请求结果:{'code': '', 'data': {'page': 1, 'records': [{'account': 'SRM00009731', 'createBy': 'zhongzijian', 'createTime': '2021-03-12 09:34:12', 'email': '', 'isPan': 0, 'lastUpdateBy': 'zhongzijian', 'lastUpdateTime': '2021-03-12 16:44:18', 'objectVersionNumber': None, 'password': '', 'phone': '15555555552', 'pinyin': '', 'pinyinShort': '', 'qq': '', 'roleNames': '客户', 'state': 1, 'token': '', 'userId': 'f7e5ba4f-4e62-480f-a5ba-4f4e62280fed', 'userName': '编辑测试', 'vendorAccount': '70061501', 'vendorCode': '700615', 'vendorId': 'c2598e4a-9184-4c8c-998e-4a9184bc8c91', 'vendorName': '太君里面请', 'vendorType': 1, 'weChat': '', 'wxOpenId': ''}], 'rows': 10, 'total': 1}, 'msg': '', 'success': 1}
2021-03-12 17:05:56,236 - root - INFO - -----用户编辑接口-----
2021-03-12 17:05:56,372 - root - INFO - 获取请求结果:{'code': '', 'data': None, 'msg': '', 'success': 1}
2021-03-12 17:05:56,428 - root - INFO - 获取请求结果:{'code': '', 'data': {'page': 1, 'records': [{'account': 'SRM00009731', 'createBy': 'zhongzijian', 'createTime': '2021-03-12 09:34:12', 'email': '', 'isPan': 0, 'lastUpdateBy': 'zhongzijian', 'lastUpdateTime': '2021-03-12 17:05:56', 'objectVersionNumber': None, 'password': '', 'phone': '15555555552', 'pinyin': '', 'pinyinShort': '', 'qq': '', 'roleNames': '客户', 'state': 1, 'token': '', 'userId': 'f7e5ba4f-4e62-480f-a5ba-4f4e62280fed', 'userName': '编辑测试', 'vendorAccount': '70061501', 'vendorCode': '700615', 'vendorId': 'c2598e4a-9184-4c8c-998e-4a9184bc8c91', 'vendorName': '太君里面请', 'vendorType': 1, 'weChat': '', 'wxOpenId': ''}], 'rows': 10, 'total': 1}, 'msg': '', 'success': 1}
2021-03-12 17:10:13,456 - root - INFO - -----用户编辑接口-----
2021-03-12 17:10:13,562 - root - INFO - 获取请求结果:{'code': '', 'data': None, 'msg': '', 'success': 1}
2021-03-12 17:10:13,608 - root - INFO - 获取请求结果:{'code': '', 'data': {'page': 1, 'records': [{'account': 'SRM00009731', 'createBy': 'zhongzijian', 'createTime': '2021-03-12 09:34:12', 'email': '', 'isPan': 0, 'lastUpdateBy': 'zhongzijian', 'lastUpdateTime': '2021-03-12 17:10:13', 'objectVersionNumber': None, 'password': '', 'phone': '15555555552', 'pinyin': '', 'pinyinShort': '', 'qq': '', 'roleNames': '客户', 'state': 1, 'token': '', 'userId': 'f7e5ba4f-4e62-480f-a5ba-4f4e62280fed', 'userName': '编辑测试', 'vendorAccount': '70061501', 'vendorCode': '700615', 'vendorId': 'c2598e4a-9184-4c8c-998e-4a9184bc8c91', 'vendorName': '太君里面请', 'vendorType': 1, 'weChat': '', 'wxOpenId': ''}], 'rows': 10, 'total': 1}, 'msg': '', 'success': 1}
2021-03-12 17:11:03,531 - root - INFO - -----用户编辑接口-----
2021-03-12 17:11:03,614 - root - INFO - 获取请求结果:{'code': '', 'data': None, 'msg': '', 'success': 1}
2021-03-12 17:11:03,667 - root - INFO - 获取请求结果:{'code': '', 'data': {'page': 1, 'records': [{'account': 'SRM00009731', 'createBy': 'zhongzijian', 'createTime': '2021-03-12 09:34:12', 'email': '', 'isPan': 0, 'lastUpdateBy': 'zhongzijian', 'lastUpdateTime': '2021-03-12 17:11:03', 'objectVersionNumber': None, 'password': '', 'phone': '15555555552', 'pinyin': '', 'pinyinShort': '', 'qq': '', 'roleNames': '客户', 'state': 1, 'token': '', 'userId': 'f7e5ba4f-4e62-480f-a5ba-4f4e62280fed', 'userName': '编辑测试', 'vendorAccount': '70061501', 'vendorCode': '700615', 'vendorId': 'c2598e4a-9184-4c8c-998e-4a9184bc8c91', 'vendorName': '太君里面请', 'vendorType': 1, 'weChat': '', 'wxOpenId': ''}], 'rows': 10, 'total': 1}, 'msg': '', 'success': 1}
2021-03-12 17:11:52,200 - root - INFO - -----用户编辑接口-----
2021-03-12 17:11:52,300 - root - INFO - 获取请求结果:{'code': '', 'data': None, 'msg': '', 'success': 1}
2021-03-12 17:11:52,353 - root - INFO - 获取请求结果:{'code': '', 'data': {'page': 1, 'records': [{'account': 'SRM00009731', 'createBy': 'zhongzijian', 'createTime': '2021-03-12 09:34:12', 'email': '', 'isPan': 0, 'lastUpdateBy': 'zhongzijian', 'lastUpdateTime': '2021-03-12 17:11:52', 'objectVersionNumber': None, 'password': '', 'phone': '15555555552', 'pinyin': '', 'pinyinShort': '', 'qq': '', 'roleNames': '客户', 'state': 1, 'token': '', 'userId': 'f7e5ba4f-4e62-480f-a5ba-4f4e62280fed', 'userName': '编辑测试', 'vendorAccount': '70061501', 'vendorCode': '700615', 'vendorId': 'c2598e4a-9184-4c8c-998e-4a9184bc8c91', 'vendorName': '太君里面请', 'vendorType': 1, 'weChat': '', 'wxOpenId': ''}], 'rows': 10, 'total': 1}, 'msg': '', 'success': 1}
2021-03-12 17:14:33,259 - root - INFO - -----用户编辑接口-----
2021-03-12 17:14:33,340 - root - INFO - 获取请求结果:{'code': '', 'data': None, 'msg': '', 'success': 1}
2021-03-12 17:14:33,393 - root - INFO - 获取请求结果:{'code': '', 'data': {'page': 1, 'records': [{'account': 'SRM00009731', 'createBy': 'zhongzijian', 'createTime': '2021-03-12 09:34:12', 'email': '', 'isPan': 0, 'lastUpdateBy': 'zhongzijian', 'lastUpdateTime': '2021-03-12 17:14:33', 'objectVersionNumber': None, 'password': '', 'phone': '15555555552', 'pinyin': '', 'pinyinShort': '', 'qq': '', 'roleNames': '客户', 'state': 1, 'token': '', 'userId': 'f7e5ba4f-4e62-480f-a5ba-4f4e62280fed', 'userName': '编辑测试', 'vendorAccount': '70061501', 'vendorCode': '700615', 'vendorId': 'c2598e4a-9184-4c8c-998e-4a9184bc8c91', 'vendorName': '太君里面请', 'vendorType': 1, 'weChat': '', 'wxOpenId': ''}], 'rows': 10, 'total': 1}, 'msg': '', 'success': 1}
2021-03-12 17:15:01,519 - root - INFO - -----用户编辑接口-----
2021-03-12 17:15:01,624 - root - INFO - 获取请求结果:{'code': '', 'data': None, 'msg': '', 'success': 1}
2021-03-12 17:15:01,672 - root - INFO - 获取请求结果:{'code': '', 'data': {'page': 1, 'records': [{'account': 'SRM00009731', 'createBy': 'zhongzijian', 'createTime': '2021-03-12 09:34:12', 'email': '', 'isPan': 0, 'lastUpdateBy': 'zhongzijian', 'lastUpdateTime': '2021-03-12 17:15:01', 'objectVersionNumber': None, 'password': '', 'phone': '15555555552', 'pinyin': '', 'pinyinShort': '', 'qq': '', 'roleNames': '客户', 'state': 1, 'token': '', 'userId': 'f7e5ba4f-4e62-480f-a5ba-4f4e62280fed', 'userName': '编辑测试', 'vendorAccount': '70061501', 'vendorCode': '700615', 'vendorId': 'c2598e4a-9184-4c8c-998e-4a9184bc8c91', 'vendorName': '太君里面请', 'vendorType': 1, 'weChat': '', 'wxOpenId': ''}], 'rows': 10, 'total': 1}, 'msg': '', 'success': 1}
2021-03-12 17:15:51,465 - root - INFO - -----用户编辑接口-----
2021-03-12 17:15:51,542 - root - INFO - 获取请求结果:{'code': '', 'data': None, 'msg': '', 'success': 1}
2021-03-12 17:15:51,593 - root - INFO - 获取请求结果:{'code': '', 'data': {'page': 1, 'records': [{'account': 'SRM00009731', 'createBy': 'zhongzijian', 'createTime': '2021-03-12 09:34:12', 'email': '', 'isPan': 0, 'lastUpdateBy': 'zhongzijian', 'lastUpdateTime': '2021-03-12 17:15:51', 'objectVersionNumber': None, 'password': '', 'phone': '15555555552', 'pinyin': '', 'pinyinShort': '', 'qq': '', 'roleNames': '客户', 'state': 1, 'token': '', 'userId': 'f7e5ba4f-4e62-480f-a5ba-4f4e62280fed', 'userName': '编辑测试', 'vendorAccount': '70061501', 'vendorCode': '700615', 'vendorId': 'c2598e4a-9184-4c8c-998e-4a9184bc8c91', 'vendorName': '太君里面请', 'vendorType': 1, 'weChat': '', 'wxOpenId': ''}], 'rows': 10, 'total': 1}, 'msg': '', 'success': 1}
2021-03-12 17:17:42,476 - root - INFO - -----用户编辑接口-----
2021-03-12 17:17:42,576 - root - INFO - 获取请求结果:{'code': '', 'data': None, 'msg': '', 'success': 1}
2021-03-12 17:17:42,626 - root - INFO - 获取请求结果:{'code': '', 'data': {'page': 1, 'records': [{'account': 'SRM00009731', 'createBy': 'zhongzijian', 'createTime': '2021-03-12 09:34:12', 'email': '', 'isPan': 0, 'lastUpdateBy': 'zhongzijian', 'lastUpdateTime': '2021-03-12 17:17:42', 'objectVersionNumber': None, 'password': '', 'phone': '15555555552', 'pinyin': '', 'pinyinShort': '', 'qq': '', 'roleNames': '客户', 'state': 1, 'token': '', 'userId': 'f7e5ba4f-4e62-480f-a5ba-4f4e62280fed', 'userName': '编辑测试', 'vendorAccount': '70061501', 'vendorCode': '700615', 'vendorId': 'c2598e4a-9184-4c8c-998e-4a9184bc8c91', 'vendorName': '太君里面请', 'vendorType': 1, 'weChat': '', 'wxOpenId': ''}], 'rows': 10, 'total': 1}, 'msg': '', 'success': 1}
2021-03-12 17:19:23,234 - root - INFO - -----用户编辑接口-----
2021-03-12 17:19:23,315 - root - INFO - 获取请求结果:{'code': '', 'data': None, 'msg': '', 'success': 1}
2021-03-12 17:19:23,367 - root - INFO - 获取请求结果:{'code': '', 'data': {'page': 1, 'records': [{'account': 'SRM00009731', 'createBy': 'zhongzijian', 'createTime': '2021-03-12 09:34:12', 'email': '', 'isPan': 0, 'lastUpdateBy': 'zhongzijian', 'lastUpdateTime': '2021-03-12 17:19:23', 'objectVersionNumber': None, 'password': '', 'phone': '15555555552', 'pinyin': '', 'pinyinShort': '', 'qq': '', 'roleNames': '客户', 'state': 1, 'token': '', 'userId': 'f7e5ba4f-4e62-480f-a5ba-4f4e62280fed', 'userName': '编辑测试', 'vendorAccount': '70061501', 'vendorCode': '700615', 'vendorId': 'c2598e4a-9184-4c8c-998e-4a9184bc8c91', 'vendorName': '太君里面请', 'vendorType': 1, 'weChat': '', 'wxOpenId': ''}], 'rows': 10, 'total': 1}, 'msg': '', 'success': 1}
2021-03-12 17:19:59,896 - root - INFO - -----用户编辑接口-----
2021-03-12 17:19:59,971 - root - INFO - 获取请求结果:{'code': '', 'data': None, 'msg': '', 'success': 1}
2021-03-12 17:20:00,027 - root - INFO - 获取请求结果:{'code': '', 'data': {'page': 1, 'records': [{'account': 'SRM00009731', 'createBy': 'zhongzijian', 'createTime': '2021-03-12 09:34:12', 'email': '', 'isPan': 0, 'lastUpdateBy': 'zhongzijian', 'lastUpdateTime': '2021-03-12 17:19:59', 'objectVersionNumber': None, 'password': '', 'phone': '15555555552', 'pinyin': '', 'pinyinShort': '', 'qq': '', 'roleNames': '客户', 'state': 1, 'token': '', 'userId': 'f7e5ba4f-4e62-480f-a5ba-4f4e62280fed', 'userName': '编辑测试', 'vendorAccount': '70061501', 'vendorCode': '700615', 'vendorId': 'c2598e4a-9184-4c8c-998e-4a9184bc8c91', 'vendorName': '太君里面请', 'vendorType': 1, 'weChat': '', 'wxOpenId': ''}], 'rows': 10, 'total': 1}, 'msg': '', 'success': 1}
2021-03-12 17:20:24,889 - root - INFO - -----用户编辑接口-----
2021-03-12 17:20:24,992 - root - INFO - 获取请求结果:{'code': '', 'data': None, 'msg': '', 'success': 1}
2021-03-12 17:20:25,049 - root - INFO - 获取请求结果:{'code': '', 'data': {'page': 1, 'records': [{'account': 'SRM00009731', 'createBy': 'zhongzijian', 'createTime': '2021-03-12 09:34:12', 'email': '', 'isPan': 0, 'lastUpdateBy': 'zhongzijian', 'lastUpdateTime': '2021-03-12 17:20:24', 'objectVersionNumber': None, 'password': '', 'phone': '15555555552', 'pinyin': '', 'pinyinShort': '', 'qq': '', 'roleNames': '客户', 'state': 1, 'token': '', 'userId': 'f7e5ba4f-4e62-480f-a5ba-4f4e62280fed', 'userName': '编辑测试', 'vendorAccount': '70061501', 'vendorCode': '700615', 'vendorId': 'c2598e4a-9184-4c8c-998e-4a9184bc8c91', 'vendorName': '太君里面请', 'vendorType': 1, 'weChat': '', 'wxOpenId': ''}], 'rows': 10, 'total': 1}, 'msg': '', 'success': 1}
2021-03-12 17:42:01,870 - root - INFO - -----用户编辑接口-----
2021-03-12 17:42:01,996 - root - INFO - 获取请求结果:{'code': '', 'data': None, 'msg': '', 'success': 1}
2021-03-12 17:42:02,047 - root - INFO - 获取请求结果:{'code': '', 'data': {'page': 1, 'records': [{'account': 'SRM00009731', 'createBy': 'zhongzijian', 'createTime': '2021-03-12 09:34:12', 'email': '', 'isPan': 0, 'lastUpdateBy': 'zhongzijian', 'lastUpdateTime': '2021-03-12 17:42:01', 'objectVersionNumber': None, 'password': '', 'phone': '15555555552', 'pinyin': '', 'pinyinShort': '', 'qq': '', 'roleNames': '客户', 'state': 1, 'token': '', 'userId': 'f7e5ba4f-4e62-480f-a5ba-4f4e62280fed', 'userName': '编辑测试', 'vendorAccount': '70061501', 'vendorCode': '700615', 'vendorId': 'c2598e4a-9184-4c8c-998e-4a9184bc8c91', 'vendorName': '太君里面请', 'vendorType': 1, 'weChat': '', 'wxOpenId': ''}], 'rows': 10, 'total': 1}, 'msg': '', 'success': 1}
2021-03-12 17:42:02,058 - root - INFO - -----用户编辑接口-----
2021-03-12 17:42:02,101 - root - INFO - 获取请求结果:{'code': '', 'data': None, 'msg': '手机号重复!', 'success': 0}
2021-03-12 17:42:02,155 - root - INFO - 获取请求结果:{'code': '', 'data': {'page': 1, 'records': [{'account': 'SRM00009731', 'createBy': 'zhongzijian', 'createTime': '2021-03-12 09:34:12', 'email': '', 'isPan': 0, 'lastUpdateBy': 'zhongzijian', 'lastUpdateTime': '2021-03-12 17:42:01', 'objectVersionNumber': None, 'password': '', 'phone': '15555555552', 'pinyin': '', 'pinyinShort': '', 'qq': '', 'roleNames': '客户', 'state': 1, 'token': '', 'userId': 'f7e5ba4f-4e62-480f-a5ba-4f4e62280fed', 'userName': '编辑测试', 'vendorAccount': '70061501', 'vendorCode': '700615', 'vendorId': 'c2598e4a-9184-4c8c-998e-4a9184bc8c91', 'vendorName': '太君里面请', 'vendorType': 1, 'weChat': '', 'wxOpenId': ''}], 'rows': 10, 'total': 1}, 'msg': '', 'success': 1}
2021-03-12 17:55:49,476 - root - INFO - -----用户编辑接口-----
2021-03-12 17:55:49,566 - root - INFO - 获取请求结果:{'code': '', 'data': None, 'msg': '', 'success': 1}
2021-03-12 17:55:49,632 - root - INFO - 获取请求结果:{'code': '', 'data': {'page': 1, 'records': [{'account': 'SRM00009731', 'createBy': 'zhongzijian', 'createTime': '2021-03-12 09:34:12', 'email': '', 'isPan': 0, 'lastUpdateBy': 'zhongzijian', 'lastUpdateTime': '2021-03-12 17:55:49', 'objectVersionNumber': None, 'password': '', 'phone': '15555555552', 'pinyin': '', 'pinyinShort': '', 'qq': '', 'roleNames': '客户', 'state': 1, 'token': '', 'userId': 'f7e5ba4f-4e62-480f-a5ba-4f4e62280fed', 'userName': '编辑测试', 'vendorAccount': '70061501', 'vendorCode': '700615', 'vendorId': 'c2598e4a-9184-4c8c-998e-4a9184bc8c91', 'vendorName': '太君里面请', 'vendorType': 1, 'weChat': '', 'wxOpenId': ''}], 'rows': 10, 'total': 1}, 'msg': '', 'success': 1}
2021-03-12 17:55:49,643 - root - INFO - -----用户编辑接口-----
2021-03-12 17:55:49,693 - root - INFO - 获取请求结果:{'code': '', 'data': None, 'msg': '手机号重复!', 'success': 0}
2021-03-12 17:55:49,741 - root - INFO - 获取请求结果:{'code': '', 'data': {'page': 1, 'records': [{'account': 'SRM00009731', 'createBy': 'zhongzijian', 'createTime': '2021-03-12 09:34:12', 'email': '', 'isPan': 0, 'lastUpdateBy': 'zhongzijian', 'lastUpdateTime': '2021-03-12 17:55:49', 'objectVersionNumber': None, 'password': '', 'phone': '15555555552', 'pinyin': '', 'pinyinShort': '', 'qq': '', 'roleNames': '客户', 'state': 1, 'token': '', 'userId': 'f7e5ba4f-4e62-480f-a5ba-4f4e62280fed', 'userName': '编辑测试', 'vendorAccount': '70061501', 'vendorCode': '700615', 'vendorId': 'c2598e4a-9184-4c8c-998e-4a9184bc8c91', 'vendorName': '太君里面请', 'vendorType': 1, 'weChat': '', 'wxOpenId': ''}], 'rows': 10, 'total': 1}, 'msg': '', 'success': 1}
2021-03-12 17:55:49,751 - root - INFO - -----用户编辑接口-----
2021-03-12 17:55:49,861 - root - INFO - 获取请求结果:{'code': '', 'data': None, 'msg': '', 'success': 1}
2021-03-12 17:55:49,915 - root - INFO - 获取请求结果:{'code': '', 'data': {'page': 1, 'records': [{'account': 'SRM00009731', 'createBy': 'zhongzijian', 'createTime': '2021-03-12 09:34:12', 'email': '', 'isPan': 0, 'lastUpdateBy': 'zhongzijian', 'lastUpdateTime': '2021-03-12 17:55:49', 'objectVersionNumber': None, 'password': '', 'phone': '15555555552', 'pinyin': '', 'pinyinShort': '', 'qq': '', 'roleNames': '供应商默认角色', 'state': 1, 'token': '', 'userId': 'f7e5ba4f-4e62-480f-a5ba-4f4e62280fed', 'userName': '编辑测试2', 'vendorAccount': '70061501', 'vendorCode': '700615', 'vendorId': 'c2598e4a-9184-4c8c-998e-4a9184bc8c91', 'vendorName': '太君里面请', 'vendorType': 1, 'weChat': '', 'wxOpenId': ''}], 'rows': 10, 'total': 1}, 'msg': '', 'success': 1}
