2021-04-16 14:02:30,111 - root - INFO - -----采购申请保存接口-----
2021-04-16 14:02:30,205 - root - INFO - 获取请求结果:{'code': '', 'data': None, 'msg': '', 'success': 1}
2021-04-16 14:02:30,498 - root - INFO - -----采购申请保存接口-----
2021-04-16 14:02:30,600 - root - INFO - 获取请求结果:{'code': '', 'data': None, 'msg': '', 'success': 1}
2021-04-16 14:10:51,217 - root - INFO - -----采购申请保存接口-----
2021-04-16 14:10:51,308 - root - INFO - 获取请求结果:{'code': '', 'data': None, 'msg': '', 'success': 1}
2021-04-16 14:10:51,582 - root - INFO - -----采购申请保存接口-----
2021-04-16 14:10:51,660 - root - INFO - 获取请求结果:{'code': '', 'data': None, 'msg': '', 'success': 1}
2021-04-16 14:11:28,989 - root - INFO - -----采购申请保存接口-----
2021-04-16 14:11:29,083 - root - INFO - 获取请求结果:{'code': '', 'data': None, 'msg': '', 'success': 1}
2021-04-16 14:11:29,218 - root - INFO - -----采购申请保存接口-----
2021-04-16 14:11:29,302 - root - INFO - 获取请求结果:{'code': '', 'data': None, 'msg': '', 'success': 1}
2021-04-16 14:24:25,979 - root - INFO - -----用户新增接口-----
2021-04-16 14:24:26,188 - root - INFO - 获取请求结果：{'code': '', 'data': None, 'msg': '', 'success': 1}
2021-04-16 14:24:26,254 - root - INFO - -----用户新增接口-----
2021-04-16 14:24:26,450 - root - INFO - 获取请求结果：{'code': '', 'data': None, 'msg': '', 'success': 1}
2021-04-16 14:24:45,731 - root - INFO - -----用户新增接口-----
2021-04-16 14:24:45,921 - root - INFO - 获取请求结果：{'code': '', 'data': None, 'msg': '', 'success': 1}
2021-04-16 14:24:46,011 - root - INFO - -----用户新增接口-----
2021-04-16 14:24:46,203 - root - INFO - 获取请求结果：{'code': '', 'data': None, 'msg': '', 'success': 1}
2021-04-16 14:24:57,167 - root - INFO - -----用户新增接口-----
2021-04-16 14:24:57,357 - root - INFO - 获取请求结果：{'code': '', 'data': None, 'msg': '', 'success': 1}
2021-04-16 14:24:57,436 - root - INFO - -----用户新增接口-----
2021-04-16 14:24:57,633 - root - INFO - 获取请求结果：{'code': '', 'data': None, 'msg': '', 'success': 1}
2021-04-16 14:26:47,697 - root - INFO - -----用户新增接口-----
2021-04-16 14:26:47,921 - root - INFO - 获取请求结果：{'code': '', 'data': None, 'msg': '', 'success': 1}
2021-04-16 14:26:47,999 - root - INFO - -----用户新增接口-----
2021-04-16 14:26:48,191 - root - INFO - 获取请求结果：{'code': '', 'data': None, 'msg': '', 'success': 1}
2021-04-16 14:27:35,298 - root - INFO - -----用户新增接口-----
2021-04-16 14:27:35,514 - root - INFO - 获取请求结果：{'code': '', 'data': None, 'msg': '', 'success': 1}
2021-04-16 14:27:35,647 - root - INFO - -----用户新增接口-----
2021-04-16 14:27:35,841 - root - INFO - 获取请求结果：{'code': '', 'data': None, 'msg': '', 'success': 1}
2021-04-16 14:28:11,330 - root - INFO - -----用户新增接口-----
2021-04-16 14:28:11,532 - root - INFO - 获取请求结果：{'code': '', 'data': None, 'msg': '', 'success': 1}
2021-04-16 14:28:39,614 - root - INFO - -----用户新增接口-----
2021-04-16 14:28:39,804 - root - INFO - 获取请求结果：{'code': '', 'data': None, 'msg': '', 'success': 1}
2021-04-16 14:28:39,916 - root - INFO - -----用户新增接口-----
2021-04-16 14:28:40,116 - root - INFO - 获取请求结果：{'code': '', 'data': None, 'msg': '', 'success': 1}
2021-04-16 14:31:30,597 - root - INFO - -----用户新增接口-----
2021-04-16 14:31:30,791 - root - INFO - 获取请求结果：{'code': '', 'data': None, 'msg': '', 'success': 1}
2021-04-16 15:07:52,762 - root - INFO - -----用户新增接口-----
2021-04-16 15:07:53,150 - root - INFO - 获取请求结果：{'code': '', 'data': None, 'msg': '', 'success': 1}
2021-04-16 15:07:53,251 - root - INFO - -----用户新增接口-----
2021-04-16 15:07:53,461 - root - INFO - 获取请求结果：{'code': '', 'data': None, 'msg': '', 'success': 1}
2021-04-16 15:08:22,759 - root - INFO - -----用户新增接口-----
2021-04-16 15:08:22,958 - root - INFO - 获取请求结果：{'code': '', 'data': None, 'msg': '', 'success': 1}
2021-04-16 15:08:22,961 - root - INFO - -----用户新增接口-----
2021-04-16 15:08:23,202 - root - INFO - 获取请求结果：{'code': '', 'data': None, 'msg': '', 'success': 1}
2021-04-16 15:09:12,600 - root - INFO - -----用户新增接口-----
2021-04-16 15:09:12,875 - root - INFO - 获取请求结果：{'code': '', 'data': None, 'msg': '', 'success': 1}
2021-04-16 15:09:12,958 - root - INFO - -----用户新增接口-----
2021-04-16 15:09:13,162 - root - INFO - 获取请求结果：{'code': '', 'data': None, 'msg': '', 'success': 1}
2021-04-16 15:09:48,609 - root - INFO - -----用户新增接口-----
2021-04-16 15:09:48,808 - root - INFO - 获取请求结果：{'code': '', 'data': None, 'msg': '', 'success': 1}
2021-04-16 15:09:48,899 - root - INFO - -----用户新增接口-----
2021-04-16 15:09:49,096 - root - INFO - 获取请求结果：{'code': '', 'data': None, 'msg': '', 'success': 1}
2021-04-16 15:10:34,601 - root - INFO - -----用户新增接口-----
2021-04-16 15:10:34,817 - root - INFO - 获取请求结果：{'code': '', 'data': None, 'msg': '', 'success': 1}
2021-04-16 15:10:34,894 - root - INFO - -----用户新增接口-----
2021-04-16 15:10:35,102 - root - INFO - 获取请求结果：{'code': '', 'data': None, 'msg': '', 'success': 1}
2021-04-16 15:10:43,660 - root - INFO - -----用户新增接口-----
2021-04-16 15:10:43,866 - root - INFO - 获取请求结果：{'code': '', 'data': None, 'msg': '', 'success': 1}
2021-04-16 15:10:43,948 - root - INFO - -----用户新增接口-----
2021-04-16 15:10:44,152 - root - INFO - 获取请求结果：{'code': '', 'data': None, 'msg': '', 'success': 1}
2021-04-16 15:14:47,385 - root - INFO - -----用户新增接口-----
2021-04-16 15:14:47,630 - root - INFO - 获取请求结果：{'code': '', 'data': None, 'msg': '', 'success': 1}
2021-04-16 15:14:47,695 - root - INFO - -----用户新增接口-----
2021-04-16 15:14:47,905 - root - INFO - 获取请求结果：{'code': '', 'data': None, 'msg': '', 'success': 1}
2021-04-16 15:14:59,571 - root - INFO - -----用户新增接口-----
2021-04-16 15:14:59,776 - root - INFO - 获取请求结果：{'code': '', 'data': None, 'msg': '', 'success': 1}
2021-04-16 15:14:59,894 - root - INFO - -----用户新增接口-----
2021-04-16 15:15:00,105 - root - INFO - 获取请求结果：{'code': '', 'data': None, 'msg': '', 'success': 1}
2021-04-16 15:16:31,091 - root - INFO - -----用户新增接口-----
2021-04-16 15:16:31,301 - root - INFO - 获取请求结果：{'code': '', 'data': None, 'msg': '', 'success': 1}
2021-04-16 15:16:31,387 - root - INFO - -----用户新增接口-----
2021-04-16 15:16:31,590 - root - INFO - 获取请求结果：{'code': '', 'data': None, 'msg': '', 'success': 1}
2021-04-16 15:22:08,979 - root - INFO - -----用户新增接口-----
2021-04-16 15:22:09,260 - root - INFO - 获取请求结果：{'code': '', 'data': None, 'msg': '', 'success': 1}
2021-04-16 15:22:09,342 - root - INFO - -----用户新增接口-----
2021-04-16 15:22:09,618 - root - INFO - 获取请求结果：{'code': '', 'data': None, 'msg': '', 'success': 1}
2021-04-16 15:23:43,534 - root - INFO - -----用户新增接口-----
2021-04-16 15:23:43,815 - root - INFO - 获取请求结果：{'code': '', 'data': None, 'msg': '', 'success': 1}
2021-04-16 15:25:58,568 - root - INFO - -----用户新增接口-----
2021-04-16 15:25:58,823 - root - INFO - 获取请求结果：{'code': '', 'data': None, 'msg': '', 'success': 1}
2021-04-16 15:25:59,036 - root - INFO - -----用户新增接口-----
2021-04-16 15:25:59,387 - root - INFO - 获取请求结果：{'code': '', 'data': None, 'msg': '', 'success': 1}
2021-04-16 15:27:05,153 - root - INFO - -----用户新增接口-----
2021-04-16 15:27:05,405 - root - INFO - 获取请求结果：{'code': '', 'data': None, 'msg': '', 'success': 1}
2021-04-16 15:27:05,595 - root - INFO - -----用户新增接口-----
2021-04-16 15:27:05,839 - root - INFO - 获取请求结果：{'code': '', 'data': None, 'msg': '', 'success': 1}
2021-04-16 15:27:55,540 - root - INFO - -----用户新增接口-----
2021-04-16 15:27:55,819 - root - INFO - 获取请求结果：{'code': '', 'data': None, 'msg': '', 'success': 1}
2021-04-16 15:27:55,907 - root - INFO - -----用户新增接口-----
2021-04-16 15:27:56,143 - root - INFO - 获取请求结果：{'code': '', 'data': None, 'msg': '', 'success': 1}
2021-04-16 16:09:13,378 - root - INFO - ---采购申请删除接口---
2021-04-16 16:09:13,587 - root - INFO - ---采购申请删除接口---
2021-04-16 16:09:13,667 - root - INFO - ---采购申请删除接口---
2021-04-16 16:09:13,756 - root - INFO - ---采购申请删除接口---
2021-04-16 16:11:07,102 - root - INFO - ---采购申请删除接口---
2021-04-16 16:11:07,340 - root - INFO - ---采购申请删除接口---
2021-04-16 16:11:07,425 - root - INFO - ---采购申请删除接口---
2021-04-16 16:11:07,592 - root - INFO - ---采购申请删除接口---
2021-04-16 16:11:53,713 - root - INFO - ---采购申请删除接口---
2021-04-16 16:11:53,920 - root - INFO - ---采购申请删除接口---
2021-04-16 16:11:54,027 - root - INFO - ---采购申请删除接口---
2021-04-16 16:11:54,123 - root - INFO - ---采购申请删除接口---
2021-04-16 16:12:59,830 - root - INFO - ---采购申请删除接口---
2021-04-16 16:13:00,064 - root - INFO - ---采购申请删除接口---
2021-04-16 16:13:00,228 - root - INFO - ---采购申请删除接口---
2021-04-16 16:13:00,374 - root - INFO - ---采购申请删除接口---
2021-04-16 16:15:23,574 - root - INFO - ---采购申请删除接口---
2021-04-16 16:15:23,824 - root - INFO - ---采购申请删除接口---
2021-04-16 16:15:23,978 - root - INFO - ---采购申请删除接口---
2021-04-16 16:15:24,113 - root - INFO - ---采购申请删除接口---
2021-04-16 16:16:26,389 - root - INFO - ---采购申请删除接口---
2021-04-16 16:16:26,644 - root - INFO - ---采购申请删除接口---
2021-04-16 16:16:26,788 - root - INFO - ---采购申请删除接口---
2021-04-16 16:16:26,914 - root - INFO - ---采购申请删除接口---
2021-04-16 16:19:08,361 - root - INFO - ---采购申请删除接口---
2021-04-16 16:19:08,630 - root - INFO - ---采购申请删除接口---
2021-04-16 16:19:08,761 - root - INFO - ---采购申请删除接口---
2021-04-16 16:19:08,906 - root - INFO - ---采购申请删除接口---
2021-04-16 16:19:32,001 - root - INFO - ---采购申请删除接口---
2021-04-16 16:19:32,258 - root - INFO - ---采购申请删除接口---
2021-04-16 16:19:32,390 - root - INFO - ---采购申请删除接口---
2021-04-16 16:19:32,512 - root - INFO - ---采购申请删除接口---
2021-04-16 16:20:11,561 - root - INFO - ---采购申请删除接口---
2021-04-16 16:20:11,779 - root - INFO - ---采购申请删除接口---
2021-04-16 16:20:11,918 - root - INFO - ---采购申请删除接口---
2021-04-16 16:20:12,052 - root - INFO - ---采购申请删除接口---
2021-04-16 16:21:03,302 - root - INFO - ---采购申请删除接口---
2021-04-16 16:21:03,614 - root - INFO - ---采购申请删除接口---
2021-04-16 16:21:03,752 - root - INFO - ---采购申请删除接口---
2021-04-16 16:21:03,854 - root - INFO - ---采购申请删除接口---
2021-04-16 16:39:08,100 - root - INFO - ---采购申请删除接口---
2021-04-16 16:39:08,371 - root - INFO - ---采购申请删除接口---
2021-04-16 16:39:08,505 - root - INFO - ---采购申请删除接口---
2021-04-16 16:39:08,605 - root - INFO - ---采购申请删除接口---
2021-04-16 16:39:31,953 - root - INFO - ---采购申请删除接口---
2021-04-16 16:39:32,138 - root - INFO - ---采购申请删除接口---
2021-04-16 16:39:32,257 - root - INFO - ---采购申请删除接口---
2021-04-16 16:39:32,360 - root - INFO - ---采购申请删除接口---
2021-04-16 16:39:55,007 - root - INFO - ---采购申请删除接口---
2021-04-16 16:39:55,277 - root - INFO - ---采购申请删除接口---
2021-04-16 16:39:55,401 - root - INFO - ---采购申请删除接口---
2021-04-16 16:39:55,601 - root - INFO - ---采购申请删除接口---
2021-04-16 17:07:46,762 - root - INFO - ---采购申请删除接口---
2021-04-16 17:07:47,024 - root - INFO - ---采购申请删除接口---
2021-04-16 17:07:47,145 - root - INFO - ---采购申请删除接口---
2021-04-16 17:07:47,260 - root - INFO - ---采购申请删除接口---
2021-04-16 17:34:21,082 - root - INFO - ---采购申请删除接口---
2021-04-16 17:34:21,333 - root - INFO - ---采购申请删除接口---
2021-04-16 17:34:21,535 - root - INFO - ---采购申请删除接口---
2021-04-16 17:34:21,727 - root - INFO - ---采购申请删除接口---
2021-04-16 17:35:20,511 - root - INFO - ---采购申请删除接口---
2021-04-16 17:35:20,832 - root - INFO - ---采购申请删除接口---
2021-04-16 17:35:21,044 - root - INFO - ---采购申请删除接口---
2021-04-16 17:35:21,236 - root - INFO - ---采购申请删除接口---
2021-04-16 17:35:57,040 - root - INFO - ---采购申请删除接口---
2021-04-16 17:35:57,273 - root - INFO - ---采购申请删除接口---
2021-04-16 17:35:57,436 - root - INFO - ---采购申请删除接口---
2021-04-16 17:35:57,644 - root - INFO - ---采购申请删除接口---
2021-04-16 17:37:19,230 - root - INFO - ---采购申请删除接口---
2021-04-16 17:37:19,603 - root - INFO - ---采购申请删除接口---
2021-04-16 17:37:19,787 - root - INFO - ---采购申请删除接口---
2021-04-16 17:37:19,980 - root - INFO - ---采购申请删除接口---
2021-04-16 17:37:35,455 - root - INFO - ---采购申请删除接口---
2021-04-16 17:37:35,719 - root - INFO - ---采购申请删除接口---
2021-04-16 17:37:35,922 - root - INFO - ---采购申请删除接口---
2021-04-16 17:37:36,114 - root - INFO - ---采购申请删除接口---
2021-04-16 17:41:02,221 - root - INFO - ---采购申请删除接口---
2021-04-16 17:41:02,513 - root - INFO - ---采购申请删除接口---
2021-04-16 17:41:02,692 - root - INFO - ---采购申请删除接口---
2021-04-16 17:41:02,878 - root - INFO - ---采购申请删除接口---
2021-04-16 17:41:30,008 - root - INFO - ---采购申请删除接口---
2021-04-16 17:41:30,560 - root - INFO - ---采购申请删除接口---
2021-04-16 17:41:30,767 - root - INFO - ---采购申请删除接口---
2021-04-16 17:41:30,951 - root - INFO - ---采购申请删除接口---
2021-04-16 17:43:45,518 - root - INFO - ---采购申请删除接口---
2021-04-16 17:43:45,771 - root - INFO - ---采购申请删除接口---
2021-04-16 17:43:45,957 - root - INFO - ---采购申请删除接口---
2021-04-16 17:43:46,137 - root - INFO - ---采购申请删除接口---
2021-04-16 17:43:56,936 - root - INFO - ---采购申请删除接口---
2021-04-16 17:43:57,211 - root - INFO - ---采购申请删除接口---
2021-04-16 17:43:57,391 - root - INFO - ---采购申请删除接口---
2021-04-16 17:43:57,601 - root - INFO - ---采购申请删除接口---
2021-04-16 17:44:07,408 - root - INFO - ---采购申请删除接口---
2021-04-16 17:44:07,677 - root - INFO - ---采购申请删除接口---
2021-04-16 17:44:07,878 - root - INFO - ---采购申请删除接口---
2021-04-16 17:44:08,056 - root - INFO - ---采购申请删除接口---
2021-04-16 17:44:45,736 - root - INFO - ---采购申请删除接口---
2021-04-16 17:44:46,005 - root - INFO - ---采购申请删除接口---
2021-04-16 17:44:46,195 - root - INFO - ---采购申请删除接口---
2021-04-16 17:44:46,367 - root - INFO - ---采购申请删除接口---
2021-04-16 17:44:52,116 - root - INFO - ---采购申请删除接口---
2021-04-16 17:44:52,319 - root - INFO - ---采购申请删除接口---
2021-04-16 17:44:52,477 - root - INFO - ---采购申请删除接口---
2021-04-16 17:44:52,659 - root - INFO - ---采购申请删除接口---
2021-04-16 17:46:15,337 - root - INFO - ---采购申请删除接口---
2021-04-16 17:46:15,697 - root - INFO - ---采购申请删除接口---
2021-04-16 17:46:15,868 - root - INFO - ---采购申请删除接口---
2021-04-16 17:46:16,049 - root - INFO - ---采购申请删除接口---
2021-04-16 17:47:54,434 - root - INFO - ---采购申请删除接口---
2021-04-16 17:47:54,660 - root - INFO - ---采购申请删除接口---
2021-04-16 17:47:54,849 - root - INFO - ---采购申请删除接口---
2021-04-16 17:47:55,030 - root - INFO - ---采购申请删除接口---
2021-04-16 17:49:19,121 - root - INFO - ---采购申请删除接口---
2021-04-16 17:49:19,398 - root - INFO - ---采购申请删除接口---
2021-04-16 17:49:19,567 - root - INFO - ---采购申请删除接口---
2021-04-16 17:49:19,726 - root - INFO - ---采购申请删除接口---
2021-04-16 17:59:04,985 - root - INFO - ---采购申请删除接口---
2021-04-16 17:59:05,357 - root - INFO - ---采购申请删除接口---
2021-04-16 17:59:05,611 - root - INFO - ---采购申请删除接口---
2021-04-16 17:59:05,863 - root - INFO - ---采购申请删除接口---
2021-04-16 17:59:47,771 - root - INFO - ---采购申请删除接口---
2021-04-16 17:59:48,080 - root - INFO - ---采购申请删除接口---
2021-04-16 17:59:48,336 - root - INFO - ---采购申请删除接口---
2021-04-16 17:59:48,585 - root - INFO - ---采购申请删除接口---
