2021-03-25 05:00:08,639 - root - INFO - ------用户登录接口-----
2021-03-25 05:00:08,944 - root - INFO - 获取请求结果：{'access_token': '73cd5350-5df6-4e17-baee-4f11af70200a', 'token_type': 'bearer', 'refresh_token': '5bfef449-f19d-495b-8731-1e1f5c1345e9', 'expires_in': 12682, 'scope': 'server', 'license': 'made by qup'}
2021-03-25 05:00:08,961 - root - INFO - ------用户登录接口-----
2021-03-25 05:00:09,134 - root - INFO - 获取请求结果：{'success': 0, 'code': 0, 'msg': '用户不存在', 'data': '用户不存在'}
2021-03-25 05:00:09,145 - root - INFO - ------用户登录接口-----
2021-03-25 05:00:09,353 - root - INFO - 获取请求结果：{'success': 0, 'code': 0, 'msg': '用户不存在', 'data': '用户不存在'}
2021-03-25 05:00:09,365 - root - INFO - ------用户登录接口-----
2021-03-25 05:00:09,560 - root - INFO - 获取请求结果：{'success': 0, 'code': 0, 'msg': '用户不存在', 'data': '用户不存在'}
2021-03-25 05:00:09,569 - root - INFO - ------用户登录接口-----
2021-03-25 05:00:09,733 - root - INFO - 获取请求结果：{'success': 0, 'code': 0, 'msg': '用户不存在', 'data': '用户不存在'}
2021-03-25 05:00:11,391 - root - INFO - -----用户新增接口-----
2021-03-25 05:00:13,118 - root - INFO - 获取请求结果：{'code': '', 'data': None, 'msg': '', 'success': 1}
2021-03-25 05:00:13,506 - root - INFO - -----用户新增接口-----
2021-03-25 05:00:13,940 - root - INFO - 获取请求结果：{'code': '', 'data': None, 'msg': '', 'success': 1}
2021-03-25 05:00:13,951 - root - INFO - -----用户查询接口-----
2021-03-25 05:00:14,396 - root - INFO - 获取请求结果：{'code': '', 'data': {'page': 1, 'records': [{'account': 'SRM00009909', 'createBy': 'zhongzijian', 'createTime': '2021-03-25 05:00:13', 'email': '', 'isPan': 0, 'lastUpdateBy': '', 'lastUpdateTime': None, 'objectVersionNumber': None, 'password': '', 'phone': '15555555551', 'pinyin': '', 'pinyinShort': '', 'qq': '', 'roleNames': '供应商默认角色', 'state': 1, 'token': '', 'userId': '347c252d-b019-48ec-bc25-2db01948ec2f', 'userName': 'sco', 'vendorAccount': 'null02', 'vendorCode': '700615', 'vendorId': 'c2598e4a-9184-4c8c-998e-4a9184bc8c91', 'vendorName': '测试供应商101', 'vendorType': 1, 'weChat': '', 'wxOpenId': ''}], 'rows': 10, 'total': 1}, 'msg': '', 'success': 1}
2021-03-25 05:00:14,405 - root - INFO - -----用户编辑接口-----
2021-03-25 05:00:14,613 - root - INFO - 获取请求结果:{'code': '', 'data': None, 'msg': '', 'success': 1}
2021-03-25 05:00:14,674 - root - INFO - 获取请求结果:{'code': '', 'data': {'page': 1, 'records': [{'account': 'SRM00009731', 'createBy': 'zhongzijian', 'createTime': '2021-03-12 09:34:12', 'email': '', 'isPan': 0, 'lastUpdateBy': 'zhongzijian', 'lastUpdateTime': '2021-03-25 05:00:14', 'objectVersionNumber': None, 'password': '', 'phone': '15555555552', 'pinyin': '', 'pinyinShort': '', 'qq': '', 'roleNames': '客户', 'state': 1, 'token': '', 'userId': 'f7e5ba4f-4e62-480f-a5ba-4f4e62280fed', 'userName': '编辑测试', 'vendorAccount': '70061501', 'vendorCode': '700615', 'vendorId': 'c2598e4a-9184-4c8c-998e-4a9184bc8c91', 'vendorName': '测试供应商101', 'vendorType': 1, 'weChat': '', 'wxOpenId': ''}], 'rows': 10, 'total': 1}, 'msg': '', 'success': 1}
2021-03-25 05:00:14,686 - root - INFO - -----用户编辑接口-----
2021-03-25 05:00:14,723 - root - INFO - 获取请求结果:{'code': '', 'data': None, 'msg': '手机号重复!', 'success': 0}
2021-03-25 05:00:14,771 - root - INFO - 获取请求结果:{'code': '', 'data': {'page': 1, 'records': [{'account': 'SRM00009731', 'createBy': 'zhongzijian', 'createTime': '2021-03-12 09:34:12', 'email': '', 'isPan': 0, 'lastUpdateBy': 'zhongzijian', 'lastUpdateTime': '2021-03-25 05:00:14', 'objectVersionNumber': None, 'password': '', 'phone': '15555555552', 'pinyin': '', 'pinyinShort': '', 'qq': '', 'roleNames': '客户', 'state': 1, 'token': '', 'userId': 'f7e5ba4f-4e62-480f-a5ba-4f4e62280fed', 'userName': '编辑测试', 'vendorAccount': '70061501', 'vendorCode': '700615', 'vendorId': 'c2598e4a-9184-4c8c-998e-4a9184bc8c91', 'vendorName': '测试供应商101', 'vendorType': 1, 'weChat': '', 'wxOpenId': ''}], 'rows': 10, 'total': 1}, 'msg': '', 'success': 1}
2021-03-25 05:00:14,783 - root - INFO - -----用户编辑接口-----
2021-03-25 05:00:14,862 - root - INFO - 获取请求结果:{'code': '', 'data': None, 'msg': '', 'success': 1}
2021-03-25 05:00:14,912 - root - INFO - 获取请求结果:{'code': '', 'data': {'page': 1, 'records': [{'account': 'SRM00009731', 'createBy': 'zhongzijian', 'createTime': '2021-03-12 09:34:12', 'email': '', 'isPan': 0, 'lastUpdateBy': 'zhongzijian', 'lastUpdateTime': '2021-03-25 05:00:14', 'objectVersionNumber': None, 'password': '', 'phone': '15555555552', 'pinyin': '', 'pinyinShort': '', 'qq': '', 'roleNames': '供应商默认角色', 'state': 1, 'token': '', 'userId': 'f7e5ba4f-4e62-480f-a5ba-4f4e62280fed', 'userName': '编辑测试2', 'vendorAccount': '70061501', 'vendorCode': '700615', 'vendorId': 'c2598e4a-9184-4c8c-998e-4a9184bc8c91', 'vendorName': '测试供应商101', 'vendorType': 1, 'weChat': '', 'wxOpenId': ''}], 'rows': 10, 'total': 1}, 'msg': '', 'success': 1}
2021-03-25 05:00:15,180 - root - INFO - ----采购申请查询接口口----
2021-03-25 05:00:15,678 - root - INFO - 获取请求结果: {'code': '', 'data': {'page': 1, 'records': [{'buyerAccount': 'zhou', 'buyerName': '钟子鉴', 'companyCode': '6100', 'companyName': '板式家具公司', 'createBy': 'zhongzijian', 'createTime': '2021-03-19 16:08:00', 'dataSource': 1, 'lastUpdateBy': '', 'lastUpdateTime': None, 'objectVersionNumber': None, 'purchaseOrgCode': '1000', 'purchaseOrgName': '采购供应部', 'purchaseRequestDtlList': [], 'purchaseRequestId': '2d4ec627-9f04-45d1-8ec6-279f04a5d1db', 'purchaseRequestNo': 'PR2021031900001', 'reason': '', 'remark': '', 'state': 1, 'status': 200, 'syncMessage': '', 'syncStatus': 500}], 'rows': 10, 'total': 1}, 'msg': '', 'success': 1}
2021-03-25 05:00:15,686 - root - INFO - ----采购申请查询接口口----
2021-03-25 05:00:15,815 - root - INFO - 获取请求结果: {'code': '', 'data': {'page': 1, 'records': [{'buyerAccount': 'liuliang', 'buyerName': '刘亮', 'companyCode': '6100', 'companyName': '板式家具公司', 'createBy': 'liuliang', 'createTime': '2021-03-10 10:46:03', 'dataSource': 1, 'lastUpdateBy': '', 'lastUpdateTime': None, 'objectVersionNumber': None, 'purchaseOrgCode': '1000', 'purchaseOrgName': '采购供应部', 'purchaseRequestDtlList': [], 'purchaseRequestId': '5bd151b4-689b-4ef9-9151-b4689b0ef9be', 'purchaseRequestNo': 'PR2021031000002', 'reason': '', 'remark': '2123', 'state': 1, 'status': 200, 'syncMessage': '', 'syncStatus': 500}, {'buyerAccount': 'xushuxian', 'buyerName': '许淑贤', 'companyCode': '6100', 'companyName': '板式家具公司', 'createBy': 'xushuxian', 'createTime': '2021-03-04 17:14:37', 'dataSource': 1, 'lastUpdateBy': '', 'lastUpdateTime': None, 'objectVersionNumber': None, 'purchaseOrgCode': '1000', 'purchaseOrgName': '采购供应部', 'purchaseRequestDtlList': [], 'purchaseRequestId': '10103614-b075-427f-9036-14b075527fe8', 'purchaseRequestNo': 'PR2021030400004', 'reason': '', 'remark': '1234567', 'state': 1, 'status': 200, 'syncMessage': '', 'syncStatus': 500}, {'buyerAccount': 'xushuxian', 'buyerName': '许淑贤', 'companyCode': '6100', 'companyName': '板式家具公司', 'createBy': 'xushuxian', 'createTime': '2021-03-04 17:11:55', 'dataSource': 1, 'lastUpdateBy': '', 'lastUpdateTime': None, 'objectVersionNumber': None, 'purchaseOrgCode': '1000', 'purchaseOrgName': '采购供应部', 'purchaseRequestDtlList': [], 'purchaseRequestId': '0ae98c24-fc8f-4587-a98c-24fc8fa587af', 'purchaseRequestNo': 'PR2021030400003', 'reason': '', 'remark': '1231313', 'state': 1, 'status': 200, 'syncMessage': '', 'syncStatus': 500}, {'buyerAccount': 'wuxi', 'buyerName': '吴茜', 'companyCode': '6100', 'companyName': '板式家具公司', 'createBy': 'wuxi', 'createTime': '2020-09-08 08:31:54', 'dataSource': 1, 'lastUpdateBy': 'wuxi', 'lastUpdateTime': '2020-09-08 10:45:43', 'objectVersionNumber': None, 'purchaseOrgCode': '1000', 'purchaseOrgName': '采购供应部', 'purchaseRequestDtlList': [], 'purchaseRequestId': '5b770b55-2437-4671-b70b-5524374671f5', 'purchaseRequestNo': 'PR2020090800001', 'reason': '', 'remark': '11', 'state': 1, 'status': 200, 'syncMessage': '', 'syncStatus': 500}, {'buyerAccount': 'wuxi', 'buyerName': '吴茜', 'companyCode': '6800', 'companyName': '销售公司', 'createBy': 'wuxi', 'createTime': '2020-08-10 17:34:00', 'dataSource': 1, 'lastUpdateBy': '', 'lastUpdateTime': None, 'objectVersionNumber': None, 'purchaseOrgCode': '2000', 'purchaseOrgName': '销售公司', 'purchaseRequestDtlList': [], 'purchaseRequestId': 'af614af4-2cfd-4e7d-a14a-f42cfdbe7d8d', 'purchaseRequestNo': 'PR2020081000003', 'reason': '', 'remark': '测试6813工厂采购采购', 'state': 1, 'status': 200, 'syncMessage': '', 'syncStatus': 500}, {'buyerAccount': 'wuxi', 'buyerName': '吴茜', 'companyCode': '6100', 'companyName': '板式家具公司', 'createBy': 'wuxi', 'createTime': '2020-07-20 17:58:26', 'dataSource': 1, 'lastUpdateBy': 'wuxi', 'lastUpdateTime': '2020-07-20 18:00:04', 'objectVersionNumber': None, 'purchaseOrgCode': '1000', 'purchaseOrgName': '采购供应部', 'purchaseRequestDtlList': [], 'purchaseRequestId': 'bc6372ae-e15c-42fb-a372-aee15ce2fb37', 'purchaseRequestNo': 'PR2020072000006', 'reason': '', 'remark': '1234567890', 'state': 1, 'status': 200, 'syncMessage': '', 'syncStatus': 500}], 'rows': 10, 'total': 6}, 'msg': '', 'success': 1}
2021-03-25 05:00:15,823 - root - INFO - -----采购申请保存接口-----
2021-03-25 05:00:16,460 - root - INFO - 获取请求结果:{'code': '', 'data': None, 'msg': '', 'success': 1}
2021-03-25 05:00:16,467 - root - INFO - -----采购申请保存接口-----
2021-03-25 05:00:16,556 - root - INFO - 获取请求结果:{'code': '', 'data': None, 'msg': '', 'success': 1}
