2021-03-20 15:26:55,840 - root - INFO - ----采购申请查询接口口----
2021-03-20 15:28:16,295 - root - INFO - ----采购申请查询接口口----
2021-03-20 15:28:16,507 - root - INFO - 获取请求结果: {'success': 0, 'code': '401', 'msg': 'error', 'data': 'Full authentication is required to access this resource'}
2021-03-20 15:32:51,643 - root - INFO - -----用户查询接口-----
2021-03-20 15:32:51,749 - root - INFO - 获取请求结果：{'code': '', 'data': {'page': 1, 'records': [{'account': 'SRM00009889', 'createBy': 'zhongzijian', 'createTime': '2021-03-19 06:00:20', 'email': '', 'isPan': 0, 'lastUpdateBy': '', 'lastUpdateTime': None, 'objectVersionNumber': None, 'password': '', 'phone': '15555555551', 'pinyin': '', 'pinyinShort': '', 'qq': '', 'roleNames': '供应商默认角色', 'state': 1, 'token': '', 'userId': '401ce326-24f7-4860-9ce3-2624f718606e', 'userName': 'sco', 'vendorAccount': 'null02', 'vendorCode': '700615', 'vendorId': 'c2598e4a-9184-4c8c-998e-4a9184bc8c91', 'vendorName': '测试供应商101', 'vendorType': 1, 'weChat': '', 'wxOpenId': ''}], 'rows': 10, 'total': 1}, 'msg': '', 'success': 1}
2021-03-20 15:33:21,359 - root - INFO - ----采购申请查询接口口----
2021-03-20 15:33:21,420 - root - INFO - 获取请求结果: {'success': 0, 'code': '401', 'msg': 'error', 'data': 'Full authentication is required to access this resource'}
2021-03-20 15:34:27,856 - root - INFO - ----采购申请查询接口口----
2021-03-20 15:34:27,910 - root - INFO - 获取请求结果: {'success': 0, 'code': '401', 'msg': 'error', 'data': 'Full authentication is required to access this resource'}
2021-03-20 15:36:31,695 - root - INFO - ----采购申请查询接口口----
2021-03-20 15:36:31,749 - root - INFO - 获取请求结果: {'success': 0, 'code': '401', 'msg': 'error', 'data': 'Full authentication is required to access this resource'}
2021-03-20 15:36:46,831 - root - INFO - ----采购申请查询接口口----
2021-03-20 15:36:46,887 - root - INFO - 获取请求结果: {'success': 0, 'code': '401', 'msg': 'error', 'data': 'Full authentication is required to access this resource'}
2021-03-20 15:37:05,706 - root - INFO - ----采购申请查询接口口----
2021-03-20 15:37:05,770 - root - INFO - 获取请求结果: {'success': 0, 'code': '401', 'msg': 'error', 'data': 'Full authentication is required to access this resource'}
2021-03-20 15:37:23,742 - root - INFO - ------用户登录接口-----
2021-03-20 15:37:23,905 - root - INFO - 获取请求结果：{'access_token': 'f7d7c899-6e99-4d11-90f4-fb334bb3a9db', 'token_type': 'bearer', 'refresh_token': '06dbaa0f-4570-4273-8e49-a284ba1238eb', 'expires_in': 1183, 'scope': 'server', 'license': 'made by qup'}
2021-03-20 15:37:23,911 - root - INFO - ------用户登录接口-----
2021-03-20 15:37:24,080 - root - INFO - 获取请求结果：{'success': 0, 'code': 0, 'msg': '用户不存在', 'data': '用户不存在'}
2021-03-20 15:37:24,085 - root - INFO - ------用户登录接口-----
2021-03-20 15:37:24,256 - root - INFO - 获取请求结果：{'success': 0, 'code': 0, 'msg': '用户不存在', 'data': '用户不存在'}
2021-03-20 15:37:24,261 - root - INFO - ------用户登录接口-----
2021-03-20 15:37:24,428 - root - INFO - 获取请求结果：{'success': 0, 'code': 0, 'msg': '用户不存在', 'data': '用户不存在'}
2021-03-20 15:37:24,435 - root - INFO - ------用户登录接口-----
2021-03-20 15:37:24,588 - root - INFO - 获取请求结果：{'success': 0, 'code': 0, 'msg': '用户不存在', 'data': '用户不存在'}
2021-03-20 15:37:25,983 - root - INFO - -----用户新增接口-----
2021-03-20 15:37:26,608 - root - INFO - 获取请求结果：{'code': '', 'data': None, 'msg': '', 'success': 1}
2021-03-20 15:37:26,708 - root - INFO - -----用户新增接口-----
2021-03-20 15:37:26,976 - root - INFO - 获取请求结果：{'code': '', 'data': None, 'msg': '', 'success': 1}
2021-03-20 15:37:26,980 - root - INFO - -----用户查询接口-----
2021-03-20 15:37:27,023 - root - INFO - 获取请求结果：{'code': '', 'data': {'page': 1, 'records': [{'account': 'SRM00009891', 'createBy': 'zhongzijian', 'createTime': '2021-03-20 15:37:26', 'email': '', 'isPan': 0, 'lastUpdateBy': '', 'lastUpdateTime': None, 'objectVersionNumber': None, 'password': '', 'phone': '15555555551', 'pinyin': '', 'pinyinShort': '', 'qq': '', 'roleNames': '供应商默认角色', 'state': 1, 'token': '', 'userId': '224c05c2-539d-468a-8c05-c2539df68a02', 'userName': 'sco', 'vendorAccount': 'null02', 'vendorCode': '700615', 'vendorId': 'c2598e4a-9184-4c8c-998e-4a9184bc8c91', 'vendorName': '测试供应商101', 'vendorType': 1, 'weChat': '', 'wxOpenId': ''}], 'rows': 10, 'total': 1}, 'msg': '', 'success': 1}
2021-03-20 15:37:27,029 - root - INFO - -----用户编辑接口-----
2021-03-20 15:37:27,177 - root - INFO - 获取请求结果:{'code': '', 'data': None, 'msg': '', 'success': 1}
2021-03-20 15:37:27,223 - root - INFO - 获取请求结果:{'code': '', 'data': {'page': 1, 'records': [{'account': 'SRM00009731', 'createBy': 'zhongzijian', 'createTime': '2021-03-12 09:34:12', 'email': '', 'isPan': 0, 'lastUpdateBy': 'zhongzijian', 'lastUpdateTime': '2021-03-20 15:37:27', 'objectVersionNumber': None, 'password': '', 'phone': '15555555552', 'pinyin': '', 'pinyinShort': '', 'qq': '', 'roleNames': '客户', 'state': 1, 'token': '', 'userId': 'f7e5ba4f-4e62-480f-a5ba-4f4e62280fed', 'userName': '编辑测试', 'vendorAccount': '70061501', 'vendorCode': '700615', 'vendorId': 'c2598e4a-9184-4c8c-998e-4a9184bc8c91', 'vendorName': '测试供应商101', 'vendorType': 1, 'weChat': '', 'wxOpenId': ''}], 'rows': 10, 'total': 1}, 'msg': '', 'success': 1}
2021-03-20 15:37:27,227 - root - INFO - -----用户编辑接口-----
2021-03-20 15:37:27,266 - root - INFO - 获取请求结果:{'code': '', 'data': None, 'msg': '手机号重复!', 'success': 0}
2021-03-20 15:37:27,311 - root - INFO - 获取请求结果:{'code': '', 'data': {'page': 1, 'records': [{'account': 'SRM00009731', 'createBy': 'zhongzijian', 'createTime': '2021-03-12 09:34:12', 'email': '', 'isPan': 0, 'lastUpdateBy': 'zhongzijian', 'lastUpdateTime': '2021-03-20 15:37:27', 'objectVersionNumber': None, 'password': '', 'phone': '15555555552', 'pinyin': '', 'pinyinShort': '', 'qq': '', 'roleNames': '客户', 'state': 1, 'token': '', 'userId': 'f7e5ba4f-4e62-480f-a5ba-4f4e62280fed', 'userName': '编辑测试', 'vendorAccount': '70061501', 'vendorCode': '700615', 'vendorId': 'c2598e4a-9184-4c8c-998e-4a9184bc8c91', 'vendorName': '测试供应商101', 'vendorType': 1, 'weChat': '', 'wxOpenId': ''}], 'rows': 10, 'total': 1}, 'msg': '', 'success': 1}
2021-03-20 15:37:27,315 - root - INFO - -----用户编辑接口-----
2021-03-20 15:37:27,395 - root - INFO - 获取请求结果:{'code': '', 'data': None, 'msg': '', 'success': 1}
2021-03-20 15:37:27,437 - root - INFO - 获取请求结果:{'code': '', 'data': {'page': 1, 'records': [{'account': 'SRM00009731', 'createBy': 'zhongzijian', 'createTime': '2021-03-12 09:34:12', 'email': '', 'isPan': 0, 'lastUpdateBy': 'zhongzijian', 'lastUpdateTime': '2021-03-20 15:37:27', 'objectVersionNumber': None, 'password': '', 'phone': '15555555552', 'pinyin': '', 'pinyinShort': '', 'qq': '', 'roleNames': '供应商默认角色', 'state': 1, 'token': '', 'userId': 'f7e5ba4f-4e62-480f-a5ba-4f4e62280fed', 'userName': '编辑测试2', 'vendorAccount': '70061501', 'vendorCode': '700615', 'vendorId': 'c2598e4a-9184-4c8c-998e-4a9184bc8c91', 'vendorName': '测试供应商101', 'vendorType': 1, 'weChat': '', 'wxOpenId': ''}], 'rows': 10, 'total': 1}, 'msg': '', 'success': 1}
2021-03-20 15:37:27,669 - root - INFO - ----采购申请查询接口口----
2021-03-20 15:37:27,704 - root - INFO - 获取请求结果: {'success': 0, 'code': '401', 'msg': 'error', 'data': 'Full authentication is required to access this resource'}
2021-03-20 15:42:56,485 - root - INFO - ----采购申请查询接口口----
2021-03-20 15:42:56,549 - root - INFO - 获取请求结果: {'success': 0, 'code': '401', 'msg': 'error', 'data': 'Full authentication is required to access this resource'}
2021-03-20 15:44:45,677 - root - INFO - ----采购申请查询接口口----
2021-03-20 15:44:45,716 - root - INFO - 获取请求结果: {'success': 0, 'code': '401', 'msg': 'error', 'data': 'Full authentication is required to access this resource'}
2021-03-20 15:46:25,509 - root - INFO - ----采购申请查询接口口----
2021-03-20 15:46:25,691 - root - INFO - 获取请求结果: {'code': '', 'data': {'page': 1, 'records': [], 'rows': 10, 'total': 0}, 'msg': '', 'success': 1}
2021-03-20 15:47:55,853 - root - INFO - ------用户登录接口-----
2021-03-20 15:47:55,939 - root - INFO - ------用户登录接口-----
2021-03-20 15:47:55,949 - root - INFO - ------用户登录接口-----
2021-03-20 15:47:55,974 - root - INFO - ------用户登录接口-----
2021-03-20 15:47:55,982 - root - INFO - ------用户登录接口-----
2021-03-20 15:48:19,427 - root - INFO - ------用户登录接口-----
2021-03-20 15:48:19,591 - root - INFO - 获取请求结果：{'access_token': '40c14631-ee39-4fca-b7b7-dffbcf7d531e', 'token_type': 'bearer', 'refresh_token': '505af82f-8058-48aa-b6d8-c58caa574b00', 'expires_in': 42750, 'scope': 'server', 'license': 'made by qup'}
2021-03-20 15:48:19,596 - root - INFO - ------用户登录接口-----
2021-03-20 15:48:19,755 - root - INFO - 获取请求结果：{'success': 0, 'code': 0, 'msg': '用户不存在', 'data': '用户不存在'}
2021-03-20 15:48:19,760 - root - INFO - ------用户登录接口-----
2021-03-20 15:48:19,939 - root - INFO - 获取请求结果：{'success': 0, 'code': 0, 'msg': '用户不存在', 'data': '用户不存在'}
2021-03-20 15:48:19,944 - root - INFO - ------用户登录接口-----
2021-03-20 15:48:20,103 - root - INFO - 获取请求结果：{'success': 0, 'code': 0, 'msg': '用户不存在', 'data': '用户不存在'}
2021-03-20 15:48:20,108 - root - INFO - ------用户登录接口-----
2021-03-20 15:48:20,280 - root - INFO - 获取请求结果：{'success': 0, 'code': 0, 'msg': '用户不存在', 'data': '用户不存在'}
2021-03-20 15:50:13,228 - root - INFO - ----采购申请查询接口口----
2021-03-20 15:50:13,399 - root - INFO - 获取请求结果: {'code': '', 'data': {'page': 1, 'records': [], 'rows': 10, 'total': 0}, 'msg': '', 'success': 1}
2021-03-20 15:53:59,759 - root - INFO - ----采购申请查询接口口----
2021-03-20 15:53:59,906 - root - INFO - 获取请求结果: {'code': '', 'data': {'page': 1, 'records': [{'buyerAccount': 'zhou', 'buyerName': '钟子鉴', 'companyCode': '6100', 'companyName': '板式家具公司', 'createBy': 'zhongzijian', 'createTime': '2021-03-19 16:08:00', 'dataSource': 1, 'lastUpdateBy': '', 'lastUpdateTime': None, 'objectVersionNumber': None, 'purchaseOrgCode': '1000', 'purchaseOrgName': '采购供应部', 'purchaseRequestDtlList': [], 'purchaseRequestId': '2d4ec627-9f04-45d1-8ec6-279f04a5d1db', 'purchaseRequestNo': 'PR2021031900001', 'reason': '', 'remark': '', 'state': 1, 'status': 200, 'syncMessage': '', 'syncStatus': 500}], 'rows': 10, 'total': 1}, 'msg': '', 'success': 1}
2021-03-20 16:29:13,200 - root - INFO - ----采购申请查询接口口----
2021-03-20 16:29:13,323 - root - INFO - 获取请求结果: {'code': '', 'data': {'page': 1, 'records': [{'buyerAccount': 'zhou', 'buyerName': '钟子鉴', 'companyCode': '6100', 'companyName': '板式家具公司', 'createBy': 'zhongzijian', 'createTime': '2021-03-19 16:08:00', 'dataSource': 1, 'lastUpdateBy': '', 'lastUpdateTime': None, 'objectVersionNumber': None, 'purchaseOrgCode': '1000', 'purchaseOrgName': '采购供应部', 'purchaseRequestDtlList': [], 'purchaseRequestId': '2d4ec627-9f04-45d1-8ec6-279f04a5d1db', 'purchaseRequestNo': 'PR2021031900001', 'reason': '', 'remark': '', 'state': 1, 'status': 200, 'syncMessage': '', 'syncStatus': 500}], 'rows': 10, 'total': 1}, 'msg': '', 'success': 1}
2021-03-20 16:29:13,327 - root - INFO - ----采购申请查询接口口----
2021-03-20 16:29:13,469 - root - INFO - 获取请求结果: {'code': '', 'data': {'page': 1, 'records': [{'buyerAccount': 'liuliang', 'buyerName': '刘亮', 'companyCode': '6100', 'companyName': '板式家具公司', 'createBy': 'liuliang', 'createTime': '2021-03-10 10:46:03', 'dataSource': 1, 'lastUpdateBy': '', 'lastUpdateTime': None, 'objectVersionNumber': None, 'purchaseOrgCode': '1000', 'purchaseOrgName': '采购供应部', 'purchaseRequestDtlList': [], 'purchaseRequestId': '5bd151b4-689b-4ef9-9151-b4689b0ef9be', 'purchaseRequestNo': 'PR2021031000002', 'reason': '', 'remark': '2123', 'state': 1, 'status': 200, 'syncMessage': '', 'syncStatus': 500}, {'buyerAccount': 'xushuxian', 'buyerName': '许淑贤', 'companyCode': '6100', 'companyName': '板式家具公司', 'createBy': 'xushuxian', 'createTime': '2021-03-04 17:14:37', 'dataSource': 1, 'lastUpdateBy': '', 'lastUpdateTime': None, 'objectVersionNumber': None, 'purchaseOrgCode': '1000', 'purchaseOrgName': '采购供应部', 'purchaseRequestDtlList': [], 'purchaseRequestId': '10103614-b075-427f-9036-14b075527fe8', 'purchaseRequestNo': 'PR2021030400004', 'reason': '', 'remark': '1234567', 'state': 1, 'status': 200, 'syncMessage': '', 'syncStatus': 500}, {'buyerAccount': 'xushuxian', 'buyerName': '许淑贤', 'companyCode': '6100', 'companyName': '板式家具公司', 'createBy': 'xushuxian', 'createTime': '2021-03-04 17:11:55', 'dataSource': 1, 'lastUpdateBy': '', 'lastUpdateTime': None, 'objectVersionNumber': None, 'purchaseOrgCode': '1000', 'purchaseOrgName': '采购供应部', 'purchaseRequestDtlList': [], 'purchaseRequestId': '0ae98c24-fc8f-4587-a98c-24fc8fa587af', 'purchaseRequestNo': 'PR2021030400003', 'reason': '', 'remark': '1231313', 'state': 1, 'status': 200, 'syncMessage': '', 'syncStatus': 500}, {'buyerAccount': 'wuxi', 'buyerName': '吴茜', 'companyCode': '6100', 'companyName': '板式家具公司', 'createBy': 'wuxi', 'createTime': '2020-09-08 08:31:54', 'dataSource': 1, 'lastUpdateBy': 'wuxi', 'lastUpdateTime': '2020-09-08 10:45:43', 'objectVersionNumber': None, 'purchaseOrgCode': '1000', 'purchaseOrgName': '采购供应部', 'purchaseRequestDtlList': [], 'purchaseRequestId': '5b770b55-2437-4671-b70b-5524374671f5', 'purchaseRequestNo': 'PR2020090800001', 'reason': '', 'remark': '11', 'state': 1, 'status': 200, 'syncMessage': '', 'syncStatus': 500}, {'buyerAccount': 'wuxi', 'buyerName': '吴茜', 'companyCode': '6800', 'companyName': '销售公司', 'createBy': 'wuxi', 'createTime': '2020-08-10 17:34:00', 'dataSource': 1, 'lastUpdateBy': '', 'lastUpdateTime': None, 'objectVersionNumber': None, 'purchaseOrgCode': '2000', 'purchaseOrgName': '销售公司', 'purchaseRequestDtlList': [], 'purchaseRequestId': 'af614af4-2cfd-4e7d-a14a-f42cfdbe7d8d', 'purchaseRequestNo': 'PR2020081000003', 'reason': '', 'remark': '测试6813工厂采购采购', 'state': 1, 'status': 200, 'syncMessage': '', 'syncStatus': 500}, {'buyerAccount': 'wuxi', 'buyerName': '吴茜', 'companyCode': '6100', 'companyName': '板式家具公司', 'createBy': 'wuxi', 'createTime': '2020-07-20 17:58:26', 'dataSource': 1, 'lastUpdateBy': 'wuxi', 'lastUpdateTime': '2020-07-20 18:00:04', 'objectVersionNumber': None, 'purchaseOrgCode': '1000', 'purchaseOrgName': '采购供应部', 'purchaseRequestDtlList': [], 'purchaseRequestId': 'bc6372ae-e15c-42fb-a372-aee15ce2fb37', 'purchaseRequestNo': 'PR2020072000006', 'reason': '', 'remark': '1234567890', 'state': 1, 'status': 200, 'syncMessage': '', 'syncStatus': 500}], 'rows': 10, 'total': 6}, 'msg': '', 'success': 1}
2021-03-20 16:35:07,126 - root - INFO - ----采购申请查询接口口----
2021-03-20 16:35:07,251 - root - INFO - 获取请求结果: {'code': '', 'data': {'page': 1, 'records': [{'buyerAccount': 'zhou', 'buyerName': '钟子鉴', 'companyCode': '6100', 'companyName': '板式家具公司', 'createBy': 'zhongzijian', 'createTime': '2021-03-19 16:08:00', 'dataSource': 1, 'lastUpdateBy': '', 'lastUpdateTime': None, 'objectVersionNumber': None, 'purchaseOrgCode': '1000', 'purchaseOrgName': '采购供应部', 'purchaseRequestDtlList': [], 'purchaseRequestId': '2d4ec627-9f04-45d1-8ec6-279f04a5d1db', 'purchaseRequestNo': 'PR2021031900001', 'reason': '', 'remark': '', 'state': 1, 'status': 200, 'syncMessage': '', 'syncStatus': 500}], 'rows': 10, 'total': 1}, 'msg': '', 'success': 1}
2021-03-20 16:35:07,255 - root - INFO - ----采购申请查询接口口----
2021-03-20 16:35:07,367 - root - INFO - 获取请求结果: {'code': '', 'data': {'page': 1, 'records': [{'buyerAccount': 'liuliang', 'buyerName': '刘亮', 'companyCode': '6100', 'companyName': '板式家具公司', 'createBy': 'liuliang', 'createTime': '2021-03-10 10:46:03', 'dataSource': 1, 'lastUpdateBy': '', 'lastUpdateTime': None, 'objectVersionNumber': None, 'purchaseOrgCode': '1000', 'purchaseOrgName': '采购供应部', 'purchaseRequestDtlList': [], 'purchaseRequestId': '5bd151b4-689b-4ef9-9151-b4689b0ef9be', 'purchaseRequestNo': 'PR2021031000002', 'reason': '', 'remark': '2123', 'state': 1, 'status': 200, 'syncMessage': '', 'syncStatus': 500}, {'buyerAccount': 'xushuxian', 'buyerName': '许淑贤', 'companyCode': '6100', 'companyName': '板式家具公司', 'createBy': 'xushuxian', 'createTime': '2021-03-04 17:14:37', 'dataSource': 1, 'lastUpdateBy': '', 'lastUpdateTime': None, 'objectVersionNumber': None, 'purchaseOrgCode': '1000', 'purchaseOrgName': '采购供应部', 'purchaseRequestDtlList': [], 'purchaseRequestId': '10103614-b075-427f-9036-14b075527fe8', 'purchaseRequestNo': 'PR2021030400004', 'reason': '', 'remark': '1234567', 'state': 1, 'status': 200, 'syncMessage': '', 'syncStatus': 500}, {'buyerAccount': 'xushuxian', 'buyerName': '许淑贤', 'companyCode': '6100', 'companyName': '板式家具公司', 'createBy': 'xushuxian', 'createTime': '2021-03-04 17:11:55', 'dataSource': 1, 'lastUpdateBy': '', 'lastUpdateTime': None, 'objectVersionNumber': None, 'purchaseOrgCode': '1000', 'purchaseOrgName': '采购供应部', 'purchaseRequestDtlList': [], 'purchaseRequestId': '0ae98c24-fc8f-4587-a98c-24fc8fa587af', 'purchaseRequestNo': 'PR2021030400003', 'reason': '', 'remark': '1231313', 'state': 1, 'status': 200, 'syncMessage': '', 'syncStatus': 500}, {'buyerAccount': 'wuxi', 'buyerName': '吴茜', 'companyCode': '6100', 'companyName': '板式家具公司', 'createBy': 'wuxi', 'createTime': '2020-09-08 08:31:54', 'dataSource': 1, 'lastUpdateBy': 'wuxi', 'lastUpdateTime': '2020-09-08 10:45:43', 'objectVersionNumber': None, 'purchaseOrgCode': '1000', 'purchaseOrgName': '采购供应部', 'purchaseRequestDtlList': [], 'purchaseRequestId': '5b770b55-2437-4671-b70b-5524374671f5', 'purchaseRequestNo': 'PR2020090800001', 'reason': '', 'remark': '11', 'state': 1, 'status': 200, 'syncMessage': '', 'syncStatus': 500}, {'buyerAccount': 'wuxi', 'buyerName': '吴茜', 'companyCode': '6800', 'companyName': '销售公司', 'createBy': 'wuxi', 'createTime': '2020-08-10 17:34:00', 'dataSource': 1, 'lastUpdateBy': '', 'lastUpdateTime': None, 'objectVersionNumber': None, 'purchaseOrgCode': '2000', 'purchaseOrgName': '销售公司', 'purchaseRequestDtlList': [], 'purchaseRequestId': 'af614af4-2cfd-4e7d-a14a-f42cfdbe7d8d', 'purchaseRequestNo': 'PR2020081000003', 'reason': '', 'remark': '测试6813工厂采购采购', 'state': 1, 'status': 200, 'syncMessage': '', 'syncStatus': 500}, {'buyerAccount': 'wuxi', 'buyerName': '吴茜', 'companyCode': '6100', 'companyName': '板式家具公司', 'createBy': 'wuxi', 'createTime': '2020-07-20 17:58:26', 'dataSource': 1, 'lastUpdateBy': 'wuxi', 'lastUpdateTime': '2020-07-20 18:00:04', 'objectVersionNumber': None, 'purchaseOrgCode': '1000', 'purchaseOrgName': '采购供应部', 'purchaseRequestDtlList': [], 'purchaseRequestId': 'bc6372ae-e15c-42fb-a372-aee15ce2fb37', 'purchaseRequestNo': 'PR2020072000006', 'reason': '', 'remark': '1234567890', 'state': 1, 'status': 200, 'syncMessage': '', 'syncStatus': 500}], 'rows': 10, 'total': 6}, 'msg': '', 'success': 1}
2021-03-20 16:44:42,654 - root - INFO - ----采购申请查询接口口----
2021-03-20 16:44:42,783 - root - INFO - 获取请求结果: {'code': '', 'data': {'page': 1, 'records': [{'buyerAccount': 'zhou', 'buyerName': '钟子鉴', 'companyCode': '6100', 'companyName': '板式家具公司', 'createBy': 'zhongzijian', 'createTime': '2021-03-19 16:08:00', 'dataSource': 1, 'lastUpdateBy': '', 'lastUpdateTime': None, 'objectVersionNumber': None, 'purchaseOrgCode': '1000', 'purchaseOrgName': '采购供应部', 'purchaseRequestDtlList': [], 'purchaseRequestId': '2d4ec627-9f04-45d1-8ec6-279f04a5d1db', 'purchaseRequestNo': 'PR2021031900001', 'reason': '', 'remark': '', 'state': 1, 'status': 200, 'syncMessage': '', 'syncStatus': 500}], 'rows': 10, 'total': 1}, 'msg': '', 'success': 1}
2021-03-20 16:44:42,789 - root - INFO - ----采购申请查询接口口----
2021-03-20 16:44:42,897 - root - INFO - 获取请求结果: {'code': '', 'data': {'page': 1, 'records': [{'buyerAccount': 'liuliang', 'buyerName': '刘亮', 'companyCode': '6100', 'companyName': '板式家具公司', 'createBy': 'liuliang', 'createTime': '2021-03-10 10:46:03', 'dataSource': 1, 'lastUpdateBy': '', 'lastUpdateTime': None, 'objectVersionNumber': None, 'purchaseOrgCode': '1000', 'purchaseOrgName': '采购供应部', 'purchaseRequestDtlList': [], 'purchaseRequestId': '5bd151b4-689b-4ef9-9151-b4689b0ef9be', 'purchaseRequestNo': 'PR2021031000002', 'reason': '', 'remark': '2123', 'state': 1, 'status': 200, 'syncMessage': '', 'syncStatus': 500}, {'buyerAccount': 'xushuxian', 'buyerName': '许淑贤', 'companyCode': '6100', 'companyName': '板式家具公司', 'createBy': 'xushuxian', 'createTime': '2021-03-04 17:14:37', 'dataSource': 1, 'lastUpdateBy': '', 'lastUpdateTime': None, 'objectVersionNumber': None, 'purchaseOrgCode': '1000', 'purchaseOrgName': '采购供应部', 'purchaseRequestDtlList': [], 'purchaseRequestId': '10103614-b075-427f-9036-14b075527fe8', 'purchaseRequestNo': 'PR2021030400004', 'reason': '', 'remark': '1234567', 'state': 1, 'status': 200, 'syncMessage': '', 'syncStatus': 500}, {'buyerAccount': 'xushuxian', 'buyerName': '许淑贤', 'companyCode': '6100', 'companyName': '板式家具公司', 'createBy': 'xushuxian', 'createTime': '2021-03-04 17:11:55', 'dataSource': 1, 'lastUpdateBy': '', 'lastUpdateTime': None, 'objectVersionNumber': None, 'purchaseOrgCode': '1000', 'purchaseOrgName': '采购供应部', 'purchaseRequestDtlList': [], 'purchaseRequestId': '0ae98c24-fc8f-4587-a98c-24fc8fa587af', 'purchaseRequestNo': 'PR2021030400003', 'reason': '', 'remark': '1231313', 'state': 1, 'status': 200, 'syncMessage': '', 'syncStatus': 500}, {'buyerAccount': 'wuxi', 'buyerName': '吴茜', 'companyCode': '6100', 'companyName': '板式家具公司', 'createBy': 'wuxi', 'createTime': '2020-09-08 08:31:54', 'dataSource': 1, 'lastUpdateBy': 'wuxi', 'lastUpdateTime': '2020-09-08 10:45:43', 'objectVersionNumber': None, 'purchaseOrgCode': '1000', 'purchaseOrgName': '采购供应部', 'purchaseRequestDtlList': [], 'purchaseRequestId': '5b770b55-2437-4671-b70b-5524374671f5', 'purchaseRequestNo': 'PR2020090800001', 'reason': '', 'remark': '11', 'state': 1, 'status': 200, 'syncMessage': '', 'syncStatus': 500}, {'buyerAccount': 'wuxi', 'buyerName': '吴茜', 'companyCode': '6800', 'companyName': '销售公司', 'createBy': 'wuxi', 'createTime': '2020-08-10 17:34:00', 'dataSource': 1, 'lastUpdateBy': '', 'lastUpdateTime': None, 'objectVersionNumber': None, 'purchaseOrgCode': '2000', 'purchaseOrgName': '销售公司', 'purchaseRequestDtlList': [], 'purchaseRequestId': 'af614af4-2cfd-4e7d-a14a-f42cfdbe7d8d', 'purchaseRequestNo': 'PR2020081000003', 'reason': '', 'remark': '测试6813工厂采购采购', 'state': 1, 'status': 200, 'syncMessage': '', 'syncStatus': 500}, {'buyerAccount': 'wuxi', 'buyerName': '吴茜', 'companyCode': '6100', 'companyName': '板式家具公司', 'createBy': 'wuxi', 'createTime': '2020-07-20 17:58:26', 'dataSource': 1, 'lastUpdateBy': 'wuxi', 'lastUpdateTime': '2020-07-20 18:00:04', 'objectVersionNumber': None, 'purchaseOrgCode': '1000', 'purchaseOrgName': '采购供应部', 'purchaseRequestDtlList': [], 'purchaseRequestId': 'bc6372ae-e15c-42fb-a372-aee15ce2fb37', 'purchaseRequestNo': 'PR2020072000006', 'reason': '', 'remark': '1234567890', 'state': 1, 'status': 200, 'syncMessage': '', 'syncStatus': 500}], 'rows': 10, 'total': 6}, 'msg': '', 'success': 1}
2021-03-20 16:45:07,001 - root - INFO - ----采购申请查询接口口----
2021-03-20 16:45:07,121 - root - INFO - 获取请求结果: {'code': '', 'data': {'page': 1, 'records': [{'buyerAccount': 'zhou', 'buyerName': '钟子鉴', 'companyCode': '6100', 'companyName': '板式家具公司', 'createBy': 'zhongzijian', 'createTime': '2021-03-19 16:08:00', 'dataSource': 1, 'lastUpdateBy': '', 'lastUpdateTime': None, 'objectVersionNumber': None, 'purchaseOrgCode': '1000', 'purchaseOrgName': '采购供应部', 'purchaseRequestDtlList': [], 'purchaseRequestId': '2d4ec627-9f04-45d1-8ec6-279f04a5d1db', 'purchaseRequestNo': 'PR2021031900001', 'reason': '', 'remark': '', 'state': 1, 'status': 200, 'syncMessage': '', 'syncStatus': 500}], 'rows': 10, 'total': 1}, 'msg': '', 'success': 1}
2021-03-20 16:45:07,127 - root - INFO - ----采购申请查询接口口----
2021-03-20 16:45:07,253 - root - INFO - 获取请求结果: {'code': '', 'data': {'page': 1, 'records': [{'buyerAccount': 'liuliang', 'buyerName': '刘亮', 'companyCode': '6100', 'companyName': '板式家具公司', 'createBy': 'liuliang', 'createTime': '2021-03-10 10:46:03', 'dataSource': 1, 'lastUpdateBy': '', 'lastUpdateTime': None, 'objectVersionNumber': None, 'purchaseOrgCode': '1000', 'purchaseOrgName': '采购供应部', 'purchaseRequestDtlList': [], 'purchaseRequestId': '5bd151b4-689b-4ef9-9151-b4689b0ef9be', 'purchaseRequestNo': 'PR2021031000002', 'reason': '', 'remark': '2123', 'state': 1, 'status': 200, 'syncMessage': '', 'syncStatus': 500}, {'buyerAccount': 'xushuxian', 'buyerName': '许淑贤', 'companyCode': '6100', 'companyName': '板式家具公司', 'createBy': 'xushuxian', 'createTime': '2021-03-04 17:14:37', 'dataSource': 1, 'lastUpdateBy': '', 'lastUpdateTime': None, 'objectVersionNumber': None, 'purchaseOrgCode': '1000', 'purchaseOrgName': '采购供应部', 'purchaseRequestDtlList': [], 'purchaseRequestId': '10103614-b075-427f-9036-14b075527fe8', 'purchaseRequestNo': 'PR2021030400004', 'reason': '', 'remark': '1234567', 'state': 1, 'status': 200, 'syncMessage': '', 'syncStatus': 500}, {'buyerAccount': 'xushuxian', 'buyerName': '许淑贤', 'companyCode': '6100', 'companyName': '板式家具公司', 'createBy': 'xushuxian', 'createTime': '2021-03-04 17:11:55', 'dataSource': 1, 'lastUpdateBy': '', 'lastUpdateTime': None, 'objectVersionNumber': None, 'purchaseOrgCode': '1000', 'purchaseOrgName': '采购供应部', 'purchaseRequestDtlList': [], 'purchaseRequestId': '0ae98c24-fc8f-4587-a98c-24fc8fa587af', 'purchaseRequestNo': 'PR2021030400003', 'reason': '', 'remark': '1231313', 'state': 1, 'status': 200, 'syncMessage': '', 'syncStatus': 500}, {'buyerAccount': 'wuxi', 'buyerName': '吴茜', 'companyCode': '6100', 'companyName': '板式家具公司', 'createBy': 'wuxi', 'createTime': '2020-09-08 08:31:54', 'dataSource': 1, 'lastUpdateBy': 'wuxi', 'lastUpdateTime': '2020-09-08 10:45:43', 'objectVersionNumber': None, 'purchaseOrgCode': '1000', 'purchaseOrgName': '采购供应部', 'purchaseRequestDtlList': [], 'purchaseRequestId': '5b770b55-2437-4671-b70b-5524374671f5', 'purchaseRequestNo': 'PR2020090800001', 'reason': '', 'remark': '11', 'state': 1, 'status': 200, 'syncMessage': '', 'syncStatus': 500}, {'buyerAccount': 'wuxi', 'buyerName': '吴茜', 'companyCode': '6800', 'companyName': '销售公司', 'createBy': 'wuxi', 'createTime': '2020-08-10 17:34:00', 'dataSource': 1, 'lastUpdateBy': '', 'lastUpdateTime': None, 'objectVersionNumber': None, 'purchaseOrgCode': '2000', 'purchaseOrgName': '销售公司', 'purchaseRequestDtlList': [], 'purchaseRequestId': 'af614af4-2cfd-4e7d-a14a-f42cfdbe7d8d', 'purchaseRequestNo': 'PR2020081000003', 'reason': '', 'remark': '测试6813工厂采购采购', 'state': 1, 'status': 200, 'syncMessage': '', 'syncStatus': 500}, {'buyerAccount': 'wuxi', 'buyerName': '吴茜', 'companyCode': '6100', 'companyName': '板式家具公司', 'createBy': 'wuxi', 'createTime': '2020-07-20 17:58:26', 'dataSource': 1, 'lastUpdateBy': 'wuxi', 'lastUpdateTime': '2020-07-20 18:00:04', 'objectVersionNumber': None, 'purchaseOrgCode': '1000', 'purchaseOrgName': '采购供应部', 'purchaseRequestDtlList': [], 'purchaseRequestId': 'bc6372ae-e15c-42fb-a372-aee15ce2fb37', 'purchaseRequestNo': 'PR2020072000006', 'reason': '', 'remark': '1234567890', 'state': 1, 'status': 200, 'syncMessage': '', 'syncStatus': 500}], 'rows': 10, 'total': 6}, 'msg': '', 'success': 1}
2021-03-20 17:40:19,277 - root - INFO - -----用户新增接口-----
2021-03-20 17:40:19,511 - root - INFO - 获取请求结果：{'code': '', 'data': None, 'msg': '', 'success': 1}
2021-03-20 17:40:19,589 - root - INFO - -----用户新增接口-----
2021-03-20 17:40:19,778 - root - INFO - 获取请求结果：{'code': '', 'data': None, 'msg': '', 'success': 1}
2021-03-20 17:41:02,668 - root - INFO - -----用户新增接口-----
2021-03-20 17:41:02,894 - root - INFO - 获取请求结果：{'code': '', 'data': None, 'msg': '', 'success': 1}
2021-03-20 17:41:02,957 - root - INFO - -----用户新增接口-----
2021-03-20 17:41:03,139 - root - INFO - 获取请求结果：{'code': '', 'data': None, 'msg': '', 'success': 1}
