2021-02-24 11:41:27,093 - root - INFO - ------用户登录接口-----
2021-02-24 11:41:29,118 - root - INFO - ------用户登录接口-----
2021-02-24 11:41:29,146 - root - INFO - ------用户登录接口-----
2021-02-24 11:41:29,176 - root - INFO - ------用户登录接口-----
2021-02-24 11:41:29,208 - root - INFO - ------用户登录接口-----
2021-02-24 11:41:29,236 - root - INFO - ------用户登录接口-----
2021-02-24 11:41:29,267 - root - INFO - ------用户登录接口-----
2021-02-24 11:41:29,296 - root - INFO - ------用户登录接口-----
2021-02-24 11:41:29,321 - root - INFO - ------用户登录接口-----
2021-02-24 11:42:40,704 - root - INFO - ------用户登录接口-----
2021-02-24 11:42:40,962 - root - INFO - 获取请求结果：{'access_token': '84067e0d-c7f3-4b26-bb87-280e56f65c4e', 'token_type': 'bearer', 'refresh_token': 'eecd4186-32e4-4cfa-8983-c447686059a1', 'expires_in': 41637, 'scope': 'server', 'license': 'made by qup'}
2021-02-24 11:42:40,973 - root - INFO - ------用户登录接口-----
2021-02-24 11:42:41,104 - root - INFO - 获取请求结果：{'success': 0, 'code': 0, 'msg': '用户名或密码错误', 'data': '无效的例外'}
2021-02-24 11:42:41,115 - root - INFO - ------用户登录接口-----
2021-02-24 11:42:41,314 - root - INFO - 获取请求结果：{'success': 0, 'code': 0, 'msg': '用户不存在', 'data': '用户不存在'}
2021-02-24 11:42:41,328 - root - INFO - ------用户登录接口-----
2021-02-24 11:42:41,517 - root - INFO - 获取请求结果：{'success': 0, 'code': 0, 'msg': '用户不存在', 'data': '用户不存在'}
2021-02-24 11:42:41,530 - root - INFO - ------用户登录接口-----
2021-02-24 11:42:41,643 - root - INFO - 获取请求结果：{'success': 0, 'code': 0, 'msg': '用户名或密码错误', 'data': '无效的例外'}
2021-02-24 11:42:41,656 - root - INFO - ------用户登录接口-----
2021-02-24 11:42:41,852 - root - INFO - 获取请求结果：{'success': 0, 'code': 0, 'msg': '用户不存在', 'data': '用户不存在'}
2021-02-24 11:42:41,867 - root - INFO - ------用户登录接口-----
2021-02-24 11:42:42,022 - root - INFO - 获取请求结果：{'success': 0, 'code': 0, 'msg': '用户名或密码错误', 'data': '无效的例外'}
2021-02-24 11:42:42,036 - root - INFO - ------用户登录接口-----
2021-02-24 11:42:42,220 - root - INFO - 获取请求结果：{'success': 0, 'code': 0, 'msg': '用户不存在', 'data': '用户不存在'}
2021-02-24 11:42:42,234 - root - INFO - ------用户登录接口-----
2021-02-24 11:42:42,403 - root - INFO - 获取请求结果：{'success': 0, 'code': 0, 'msg': '用户名或密码错误', 'data': '无效的例外'}
2021-02-24 16:23:17,605 - root - INFO - -----用户新增接口-----
2021-02-24 16:23:17,694 - root - INFO - 获取请求结果：{'error': 'invalid_request', 'error_description': 'Missing grant type'}
2021-02-24 16:24:32,502 - root - INFO - -----用户新增接口-----
2021-02-24 16:24:32,592 - root - INFO - 获取请求结果：{'error': 'invalid_request', 'error_description': 'Missing grant type'}
2021-02-24 16:35:02,770 - root - INFO - -----用户新增接口-----
2021-02-24 16:35:02,840 - root - INFO - 获取请求结果：{'success': 0, 'code': '0', 'msg': '请求头中client信息为空', 'data': ''}
2021-02-24 16:40:36,357 - root - INFO - ------用户登录接口-----
2021-02-24 16:40:36,407 - root - INFO - 获取请求结果：{'success': 0, 'code': '0', 'msg': '请求头中client信息为空', 'data': ''}
2021-02-24 16:40:38,515 - root - INFO - ------用户登录接口-----
2021-02-24 16:40:38,562 - root - INFO - 获取请求结果：{'success': 0, 'code': '0', 'msg': '请求头中client信息为空', 'data': ''}
2021-02-24 16:40:38,598 - root - INFO - ------用户登录接口-----
2021-02-24 16:40:38,635 - root - INFO - 获取请求结果：{'success': 0, 'code': '0', 'msg': '请求头中client信息为空', 'data': ''}
2021-02-24 16:40:38,674 - root - INFO - ------用户登录接口-----
2021-02-24 16:40:38,713 - root - INFO - 获取请求结果：{'success': 0, 'code': '0', 'msg': '请求头中client信息为空', 'data': ''}
2021-02-24 16:40:38,751 - root - INFO - ------用户登录接口-----
2021-02-24 16:40:38,787 - root - INFO - 获取请求结果：{'success': 0, 'code': '0', 'msg': '请求头中client信息为空', 'data': ''}
2021-02-24 16:40:38,815 - root - INFO - ------用户登录接口-----
2021-02-24 16:40:38,856 - root - INFO - 获取请求结果：{'success': 0, 'code': '0', 'msg': '请求头中client信息为空', 'data': ''}
2021-02-24 16:40:38,887 - root - INFO - ------用户登录接口-----
2021-02-24 16:40:38,933 - root - INFO - 获取请求结果：{'success': 0, 'code': '0', 'msg': '请求头中client信息为空', 'data': ''}
2021-02-24 16:40:38,978 - root - INFO - ------用户登录接口-----
2021-02-24 16:40:39,016 - root - INFO - 获取请求结果：{'success': 0, 'code': '0', 'msg': '请求头中client信息为空', 'data': ''}
2021-02-24 16:40:39,064 - root - INFO - ------用户登录接口-----
2021-02-24 16:40:39,100 - root - INFO - 获取请求结果：{'success': 0, 'code': '0', 'msg': '请求头中client信息为空', 'data': ''}
2021-02-24 16:46:12,419 - root - INFO - -----用户新增接口-----
2021-02-24 16:46:12,486 - root - INFO - 获取请求结果：{'success': 0, 'code': '0', 'msg': '请求头中client信息为空', 'data': ''}
2021-02-24 16:46:38,916 - root - INFO - -----用户新增接口-----
2021-02-24 16:46:38,994 - root - INFO - 获取请求结果：{'error': 'invalid_request', 'error_description': 'Missing grant type'}
2021-02-24 17:42:14,319 - root - INFO - -----用户新增接口-----
2021-02-24 17:42:14,379 - root - INFO - 获取请求结果：{'success': 0, 'code': '401', 'msg': 'error', 'data': 'Full authentication is required to access this resource'}
2021-02-24 17:42:39,070 - root - INFO - -----用户新增接口-----
2021-02-24 17:42:40,558 - root - INFO - 获取请求结果：{'timestamp': '2021-02-24 17:42:40', 'path': '/srm/api/v1/sysUser', 'status': 500, 'error': 'Internal Server Error', 'message': None}
2021-02-24 17:43:05,376 - root - INFO - -----用户新增接口-----
2021-02-24 17:43:08,524 - root - INFO - 获取请求结果：{'timestamp': '2021-02-24 17:43:08', 'path': '/srm/api/v1/sysUser', 'status': 500, 'error': 'Internal Server Error', 'message': None}
2021-02-24 17:43:45,622 - root - INFO - -----用户新增接口-----
2021-02-24 17:43:45,685 - root - INFO - 获取请求结果：{'timestamp': '2021-02-24 17:43:45', 'path': '/srm/api/v1/sysUser', 'status': 503, 'error': 'Service Unavailable', 'message': 'The service or item was not found.'}
2021-02-24 17:44:00,297 - root - INFO - -----用户新增接口-----
2021-02-24 17:44:00,416 - root - INFO - 获取请求结果：{'success': 0, 'code': '401', 'msg': 'error', 'data': 'Full authentication is required to access this resource'}
2021-02-24 17:58:57,209 - root - INFO - ------用户登录接口-----
2021-02-24 17:58:59,428 - root - INFO - ------用户登录接口-----
2021-02-24 17:58:59,492 - root - INFO - ------用户登录接口-----
2021-02-24 17:58:59,553 - root - INFO - ------用户登录接口-----
2021-02-24 17:58:59,614 - root - INFO - ------用户登录接口-----
2021-02-24 17:58:59,685 - root - INFO - ------用户登录接口-----
2021-02-24 17:58:59,746 - root - INFO - ------用户登录接口-----
2021-02-24 17:58:59,808 - root - INFO - ------用户登录接口-----
2021-02-24 17:59:32,246 - root - INFO - ------用户登录接口-----
2021-02-24 17:59:32,412 - root - INFO - 获取请求结果：{'access_token': '84067e0d-c7f3-4b26-bb87-280e56f65c4e', 'token_type': 'bearer', 'refresh_token': 'eecd4186-32e4-4cfa-8983-c447686059a1', 'expires_in': 19025, 'scope': 'server', 'license': 'made by qup'}
2021-02-24 17:59:32,421 - root - INFO - ------用户登录接口-----
2021-02-24 17:59:32,534 - root - INFO - 获取请求结果：{'success': 0, 'code': 0, 'msg': '用户名或密码错误', 'data': '无效的例外'}
2021-02-24 17:59:32,542 - root - INFO - ------用户登录接口-----
2021-02-24 17:59:32,725 - root - INFO - 获取请求结果：{'success': 0, 'code': 0, 'msg': '用户不存在', 'data': '用户不存在'}
2021-02-24 17:59:32,733 - root - INFO - ------用户登录接口-----
2021-02-24 17:59:32,904 - root - INFO - 获取请求结果：{'success': 0, 'code': 0, 'msg': '用户不存在', 'data': '用户不存在'}
2021-02-24 17:59:32,912 - root - INFO - ------用户登录接口-----
2021-02-24 17:59:33,020 - root - INFO - 获取请求结果：{'success': 0, 'code': 0, 'msg': '用户名或密码错误', 'data': '无效的例外'}
2021-02-24 17:59:33,027 - root - INFO - ------用户登录接口-----
2021-02-24 17:59:33,212 - root - INFO - 获取请求结果：{'success': 0, 'code': 0, 'msg': '用户不存在', 'data': '用户不存在'}
2021-02-24 17:59:33,220 - root - INFO - ------用户登录接口-----
2021-02-24 17:59:33,333 - root - INFO - 获取请求结果：{'success': 0, 'code': 0, 'msg': '用户名或密码错误', 'data': '无效的例外'}
2021-02-24 17:59:33,342 - root - INFO - ------用户登录接口-----
2021-02-24 17:59:33,519 - root - INFO - 获取请求结果：{'success': 0, 'code': 0, 'msg': '用户不存在', 'data': '用户不存在'}
2021-02-24 17:59:33,527 - root - INFO - ------用户登录接口-----
2021-02-24 17:59:33,698 - root - INFO - 获取请求结果：{'success': 0, 'code': 0, 'msg': '用户名或密码错误', 'data': '无效的例外'}
2021-02-24 17:59:33,710 - root - INFO - -----用户新增接口-----
2021-02-24 17:59:33,751 - root - INFO - 获取请求结果：{'success': 0, 'code': '401', 'msg': 'error', 'data': 'Full authentication is required to access this resource'}
2021-02-24 20:21:08,544 - root - INFO - -----用户新增接口-----
2021-02-24 20:21:08,611 - root - INFO - 获取请求结果：{'success': 0, 'code': '401', 'msg': 'error', 'data': 'Full authentication is required to access this resource'}
2021-02-24 20:21:33,776 - root - INFO - -----用户新增接口-----
2021-02-24 20:21:33,836 - root - INFO - 获取请求结果：{'success': 0, 'code': '401', 'msg': 'error', 'data': 'Full authentication is required to access this resource'}
2021-02-24 20:24:58,023 - root - INFO - ------用户登录接口-----
2021-02-24 20:24:58,195 - root - INFO - 获取请求结果：{'access_token': '84067e0d-c7f3-4b26-bb87-280e56f65c4e', 'token_type': 'bearer', 'refresh_token': 'eecd4186-32e4-4cfa-8983-c447686059a1', 'expires_in': 10299, 'scope': 'server', 'license': 'made by qup'}
2021-02-24 20:24:58,202 - root - INFO - ------用户登录接口-----
2021-02-24 20:24:58,327 - root - INFO - 获取请求结果：{'success': 0, 'code': 0, 'msg': '用户名或密码错误', 'data': '无效的例外'}
2021-02-24 20:24:58,334 - root - INFO - ------用户登录接口-----
2021-02-24 20:24:58,511 - root - INFO - 获取请求结果：{'success': 0, 'code': 0, 'msg': '用户不存在', 'data': '用户不存在'}
2021-02-24 20:24:58,519 - root - INFO - ------用户登录接口-----
2021-02-24 20:24:58,705 - root - INFO - 获取请求结果：{'success': 0, 'code': 0, 'msg': '用户不存在', 'data': '用户不存在'}
2021-02-24 20:24:58,713 - root - INFO - ------用户登录接口-----
2021-02-24 20:24:58,840 - root - INFO - 获取请求结果：{'success': 0, 'code': 0, 'msg': '用户名或密码错误', 'data': '无效的例外'}
2021-02-24 20:24:58,847 - root - INFO - ------用户登录接口-----
2021-02-24 20:24:59,010 - root - INFO - 获取请求结果：{'success': 0, 'code': 0, 'msg': '用户不存在', 'data': '用户不存在'}
2021-02-24 20:24:59,018 - root - INFO - ------用户登录接口-----
2021-02-24 20:24:59,151 - root - INFO - 获取请求结果：{'success': 0, 'code': 0, 'msg': '用户名或密码错误', 'data': '无效的例外'}
2021-02-24 20:24:59,159 - root - INFO - ------用户登录接口-----
2021-02-24 20:24:59,330 - root - INFO - 获取请求结果：{'success': 0, 'code': 0, 'msg': '用户不存在', 'data': '用户不存在'}
2021-02-24 20:24:59,338 - root - INFO - ------用户登录接口-----
2021-02-24 20:24:59,486 - root - INFO - 获取请求结果：{'success': 0, 'code': 0, 'msg': '用户名或密码错误', 'data': '无效的例外'}
2021-02-24 20:24:59,495 - root - INFO - -----用户新增接口-----
2021-02-24 20:24:59,536 - root - INFO - 获取请求结果：{'success': 0, 'code': '401', 'msg': 'error', 'data': 'Full authentication is required to access this resource'}
2021-02-24 20:25:53,814 - root - INFO - -----用户新增接口-----
2021-02-24 20:25:54,077 - root - INFO - 获取请求结果：{'code': '', 'data': None, 'msg': '', 'success': 1}
2021-02-24 20:43:59,377 - root - INFO - ------用户登录接口-----
2021-02-24 20:43:59,562 - root - INFO - 获取请求结果：{'access_token': '84067e0d-c7f3-4b26-bb87-280e56f65c4e', 'token_type': 'bearer', 'refresh_token': 'eecd4186-32e4-4cfa-8983-c447686059a1', 'expires_in': 9158, 'scope': 'server', 'license': 'made by qup'}
2021-02-24 20:43:59,569 - root - INFO - ------用户登录接口-----
2021-02-24 20:43:59,714 - root - INFO - 获取请求结果：{'success': 0, 'code': 0, 'msg': '用户名或密码错误', 'data': '无效的例外'}
2021-02-24 20:43:59,721 - root - INFO - ------用户登录接口-----
2021-02-24 20:43:59,889 - root - INFO - 获取请求结果：{'success': 0, 'code': 0, 'msg': '用户不存在', 'data': '用户不存在'}
2021-02-24 20:43:59,896 - root - INFO - ------用户登录接口-----
2021-02-24 20:44:00,067 - root - INFO - 获取请求结果：{'success': 0, 'code': 0, 'msg': '用户不存在', 'data': '用户不存在'}
2021-02-24 20:44:00,075 - root - INFO - ------用户登录接口-----
2021-02-24 20:44:00,200 - root - INFO - 获取请求结果：{'success': 0, 'code': 0, 'msg': '用户名或密码错误', 'data': '无效的例外'}
2021-02-24 20:44:00,208 - root - INFO - ------用户登录接口-----
2021-02-24 20:44:00,378 - root - INFO - 获取请求结果：{'success': 0, 'code': 0, 'msg': '用户不存在', 'data': '用户不存在'}
2021-02-24 20:44:00,387 - root - INFO - ------用户登录接口-----
2021-02-24 20:44:00,512 - root - INFO - 获取请求结果：{'success': 0, 'code': 0, 'msg': '用户名或密码错误', 'data': '无效的例外'}
2021-02-24 20:44:00,519 - root - INFO - ------用户登录接口-----
2021-02-24 20:44:00,698 - root - INFO - 获取请求结果：{'success': 0, 'code': 0, 'msg': '用户不存在', 'data': '用户不存在'}
2021-02-24 20:44:00,705 - root - INFO - ------用户登录接口-----
2021-02-24 20:44:00,866 - root - INFO - 获取请求结果：{'success': 0, 'code': 0, 'msg': '用户名或密码错误', 'data': '无效的例外'}
2021-02-24 20:44:00,876 - root - INFO - -----用户新增接口-----
2021-02-24 20:44:01,094 - root - INFO - 获取请求结果：{'code': '', 'data': None, 'msg': '', 'success': 1}
2021-02-24 20:44:32,835 - root - INFO - ------用户登录接口-----
2021-02-24 20:44:33,013 - root - INFO - 获取请求结果：{'access_token': '84067e0d-c7f3-4b26-bb87-280e56f65c4e', 'token_type': 'bearer', 'refresh_token': 'eecd4186-32e4-4cfa-8983-c447686059a1', 'expires_in': 9125, 'scope': 'server', 'license': 'made by qup'}
2021-02-24 20:44:33,020 - root - INFO - ------用户登录接口-----
2021-02-24 20:44:33,212 - root - INFO - 获取请求结果：{'success': 0, 'code': 0, 'msg': '用户名或密码错误', 'data': '无效的例外'}
2021-02-24 20:44:33,220 - root - INFO - ------用户登录接口-----
2021-02-24 20:44:33,398 - root - INFO - 获取请求结果：{'success': 0, 'code': 0, 'msg': '用户不存在', 'data': '用户不存在'}
2021-02-24 20:44:33,406 - root - INFO - ------用户登录接口-----
2021-02-24 20:44:33,602 - root - INFO - 获取请求结果：{'success': 0, 'code': 0, 'msg': '用户不存在', 'data': '用户不存在'}
2021-02-24 20:44:33,609 - root - INFO - ------用户登录接口-----
2021-02-24 20:44:33,733 - root - INFO - 获取请求结果：{'success': 0, 'code': 0, 'msg': '用户名或密码错误', 'data': '无效的例外'}
2021-02-24 20:44:33,741 - root - INFO - ------用户登录接口-----
2021-02-24 20:44:33,902 - root - INFO - 获取请求结果：{'success': 0, 'code': 0, 'msg': '用户不存在', 'data': '用户不存在'}
2021-02-24 20:44:33,911 - root - INFO - ------用户登录接口-----
2021-02-24 20:44:33,971 - root - INFO - 获取请求结果：{'success': 0, 'code': 0, 'msg': '用户帐号已被锁定', 'data': '无效的例外'}
2021-02-24 20:44:35,908 - root - INFO - ------用户登录接口-----
2021-02-24 20:44:36,085 - root - INFO - 获取请求结果：{'success': 0, 'code': 0, 'msg': '用户不存在', 'data': '用户不存在'}
2021-02-24 20:44:36,092 - root - INFO - ------用户登录接口-----
2021-02-24 20:44:36,255 - root - INFO - 获取请求结果：{'success': 0, 'code': 0, 'msg': '用户名或密码错误', 'data': '无效的例外'}
2021-02-24 20:44:36,264 - root - INFO - -----用户新增接口-----
2021-02-24 20:44:36,307 - root - INFO - 获取请求结果：{'success': 0, 'code': '401', 'msg': 'error', 'data': 'Full authentication is required to access this resource'}
2021-02-24 21:13:34,415 - root - INFO - -----用户新增接口-----
2021-02-24 21:13:34,486 - root - INFO - 获取请求结果：{'success': 0, 'code': '401', 'msg': 'error', 'data': 'Full authentication is required to access this resource'}
2021-02-24 22:54:29,624 - root - INFO - -----用户新增接口-----
2021-02-24 22:54:29,907 - root - INFO - 获取请求结果：{'code': '', 'data': None, 'msg': '', 'success': 1}
