2021-03-31 05:00:21,110 - root - INFO - ------用户登录接口-----
2021-03-31 05:00:21,322 - root - INFO - 获取请求结果：{'access_token': '6b3ba993-1b2b-4c3a-9f98-f3871f3eec0d', 'token_type': 'bearer', 'refresh_token': '5adfee75-862d-449b-b5ab-223857a72c08', 'expires_in': 42901, 'scope': 'server', 'license': 'made by qup'}
2021-03-31 05:00:21,331 - root - INFO - ------用户登录接口-----
2021-03-31 05:00:21,496 - root - INFO - 获取请求结果：{'success': 0, 'code': 0, 'msg': '用户不存在', 'data': '用户不存在'}
2021-03-31 05:00:21,503 - root - INFO - ------用户登录接口-----
2021-03-31 05:00:21,672 - root - INFO - 获取请求结果：{'success': 0, 'code': 0, 'msg': '用户不存在', 'data': '用户不存在'}
2021-03-31 05:00:21,679 - root - INFO - ------用户登录接口-----
2021-03-31 05:00:21,837 - root - INFO - 获取请求结果：{'success': 0, 'code': 0, 'msg': '用户不存在', 'data': '用户不存在'}
2021-03-31 05:00:21,843 - root - INFO - ------用户登录接口-----
2021-03-31 05:00:22,012 - root - INFO - 获取请求结果：{'success': 0, 'code': 0, 'msg': '用户不存在', 'data': '用户不存在'}
2021-03-31 05:00:22,225 - root - INFO - -----用户查询接口-----
2021-03-31 05:00:23,052 - root - INFO - 获取请求结果：{'code': '', 'data': {'page': 1, 'records': [{'account': 'SRM00009915', 'createBy': 'zhongzijian', 'createTime': '2021-03-26 06:00:26', 'email': '', 'isPan': 0, 'lastUpdateBy': '', 'lastUpdateTime': None, 'objectVersionNumber': None, 'password': '', 'phone': '15555555551', 'pinyin': '', 'pinyinShort': '', 'qq': '', 'roleNames': '供应商默认角色', 'state': 1, 'token': '', 'userId': '53235f3f-ecc0-44fa-a35f-3fecc034fa84', 'userName': 'sco', 'vendorAccount': 'null02', 'vendorCode': '700615', 'vendorId': 'c2598e4a-9184-4c8c-998e-4a9184bc8c91', 'vendorName': '测试供应商101', 'vendorType': 1, 'weChat': '', 'wxOpenId': ''}], 'rows': 10, 'total': 1}, 'msg': '', 'success': 1}
2021-03-31 05:00:23,059 - root - INFO - -----用户编辑接口-----
2021-03-31 05:00:23,772 - root - INFO - 获取请求结果:{'code': '', 'data': None, 'msg': '', 'success': 1}
2021-03-31 05:00:23,812 - root - INFO - 获取请求结果:{'code': '', 'data': {'page': 1, 'records': [{'account': 'SRM00009731', 'createBy': 'zhongzijian', 'createTime': '2021-03-12 09:34:12', 'email': '', 'isPan': 0, 'lastUpdateBy': 'zhongzijian', 'lastUpdateTime': '2021-03-31 05:00:23', 'objectVersionNumber': None, 'password': '', 'phone': '15555555552', 'pinyin': '', 'pinyinShort': '', 'qq': '', 'roleNames': '客户', 'state': 1, 'token': '', 'userId': 'f7e5ba4f-4e62-480f-a5ba-4f4e62280fed', 'userName': '编辑测试', 'vendorAccount': '70061501', 'vendorCode': '700615', 'vendorId': 'c2598e4a-9184-4c8c-998e-4a9184bc8c91', 'vendorName': '测试供应商101', 'vendorType': 1, 'weChat': '', 'wxOpenId': ''}], 'rows': 10, 'total': 1}, 'msg': '', 'success': 1}
2021-03-31 05:00:23,819 - root - INFO - -----用户编辑接口-----
2021-03-31 05:00:23,856 - root - INFO - 获取请求结果:{'code': '', 'data': None, 'msg': '手机号重复!', 'success': 0}
2021-03-31 05:00:23,898 - root - INFO - 获取请求结果:{'code': '', 'data': {'page': 1, 'records': [{'account': 'SRM00009731', 'createBy': 'zhongzijian', 'createTime': '2021-03-12 09:34:12', 'email': '', 'isPan': 0, 'lastUpdateBy': 'zhongzijian', 'lastUpdateTime': '2021-03-31 05:00:23', 'objectVersionNumber': None, 'password': '', 'phone': '15555555552', 'pinyin': '', 'pinyinShort': '', 'qq': '', 'roleNames': '客户', 'state': 1, 'token': '', 'userId': 'f7e5ba4f-4e62-480f-a5ba-4f4e62280fed', 'userName': '编辑测试', 'vendorAccount': '70061501', 'vendorCode': '700615', 'vendorId': 'c2598e4a-9184-4c8c-998e-4a9184bc8c91', 'vendorName': '测试供应商101', 'vendorType': 1, 'weChat': '', 'wxOpenId': ''}], 'rows': 10, 'total': 1}, 'msg': '', 'success': 1}
2021-03-31 05:00:23,906 - root - INFO - -----用户编辑接口-----
2021-03-31 05:00:23,990 - root - INFO - 获取请求结果:{'code': '', 'data': None, 'msg': '', 'success': 1}
2021-03-31 05:00:24,022 - root - INFO - 获取请求结果:{'code': '', 'data': {'page': 1, 'records': [{'account': 'SRM00009731', 'createBy': 'zhongzijian', 'createTime': '2021-03-12 09:34:12', 'email': '', 'isPan': 0, 'lastUpdateBy': 'zhongzijian', 'lastUpdateTime': '2021-03-31 05:00:23', 'objectVersionNumber': None, 'password': '', 'phone': '15555555552', 'pinyin': '', 'pinyinShort': '', 'qq': '', 'roleNames': '供应商默认角色', 'state': 1, 'token': '', 'userId': 'f7e5ba4f-4e62-480f-a5ba-4f4e62280fed', 'userName': '编辑测试2', 'vendorAccount': '70061501', 'vendorCode': '700615', 'vendorId': 'c2598e4a-9184-4c8c-998e-4a9184bc8c91', 'vendorName': '测试供应商101', 'vendorType': 1, 'weChat': '', 'wxOpenId': ''}], 'rows': 10, 'total': 1}, 'msg': '', 'success': 1}
2021-03-31 05:00:24,197 - root - INFO - ----采购申请查询接口口----
2021-03-31 05:00:25,281 - root - INFO - 获取请求结果: {'code': '', 'data': {'page': 1, 'records': [{'buyerAccount': 'zhou', 'buyerName': '钟子鉴', 'companyCode': '6100', 'companyName': '板式家具公司', 'createBy': 'zhongzijian', 'createTime': '2021-03-19 16:08:00', 'dataSource': 1, 'lastUpdateBy': '', 'lastUpdateTime': None, 'objectVersionNumber': None, 'purchaseOrgCode': '1000', 'purchaseOrgName': '采购供应部', 'purchaseRequestDtlList': [], 'purchaseRequestId': '2d4ec627-9f04-45d1-8ec6-279f04a5d1db', 'purchaseRequestNo': 'PR2021031900001', 'reason': '', 'remark': '', 'state': 1, 'status': 200, 'syncMessage': '', 'syncStatus': 500}], 'rows': 10, 'total': 1}, 'msg': '', 'success': 1}
2021-03-31 05:00:25,287 - root - INFO - ----采购申请查询接口口----
2021-03-31 05:00:25,409 - root - INFO - 获取请求结果: {'code': '', 'data': {'page': 1, 'records': [{'buyerAccount': 'liuliang', 'buyerName': '刘亮', 'companyCode': '6100', 'companyName': '板式家具公司', 'createBy': 'liuliang', 'createTime': '2021-03-10 10:46:03', 'dataSource': 1, 'lastUpdateBy': '', 'lastUpdateTime': None, 'objectVersionNumber': None, 'purchaseOrgCode': '1000', 'purchaseOrgName': '采购供应部', 'purchaseRequestDtlList': [], 'purchaseRequestId': '5bd151b4-689b-4ef9-9151-b4689b0ef9be', 'purchaseRequestNo': 'PR2021031000002', 'reason': '', 'remark': '2123', 'state': 1, 'status': 200, 'syncMessage': '', 'syncStatus': 500}, {'buyerAccount': 'xushuxian', 'buyerName': '许淑贤', 'companyCode': '6100', 'companyName': '板式家具公司', 'createBy': 'xushuxian', 'createTime': '2021-03-04 17:14:37', 'dataSource': 1, 'lastUpdateBy': '', 'lastUpdateTime': None, 'objectVersionNumber': None, 'purchaseOrgCode': '1000', 'purchaseOrgName': '采购供应部', 'purchaseRequestDtlList': [], 'purchaseRequestId': '10103614-b075-427f-9036-14b075527fe8', 'purchaseRequestNo': 'PR2021030400004', 'reason': '', 'remark': '1234567', 'state': 1, 'status': 200, 'syncMessage': '', 'syncStatus': 500}, {'buyerAccount': 'xushuxian', 'buyerName': '许淑贤', 'companyCode': '6100', 'companyName': '板式家具公司', 'createBy': 'xushuxian', 'createTime': '2021-03-04 17:11:55', 'dataSource': 1, 'lastUpdateBy': '', 'lastUpdateTime': None, 'objectVersionNumber': None, 'purchaseOrgCode': '1000', 'purchaseOrgName': '采购供应部', 'purchaseRequestDtlList': [], 'purchaseRequestId': '0ae98c24-fc8f-4587-a98c-24fc8fa587af', 'purchaseRequestNo': 'PR2021030400003', 'reason': '', 'remark': '1231313', 'state': 1, 'status': 200, 'syncMessage': '', 'syncStatus': 500}, {'buyerAccount': 'wuxi', 'buyerName': '吴茜', 'companyCode': '6100', 'companyName': '板式家具公司', 'createBy': 'wuxi', 'createTime': '2020-09-08 08:31:54', 'dataSource': 1, 'lastUpdateBy': 'wuxi', 'lastUpdateTime': '2020-09-08 10:45:43', 'objectVersionNumber': None, 'purchaseOrgCode': '1000', 'purchaseOrgName': '采购供应部', 'purchaseRequestDtlList': [], 'purchaseRequestId': '5b770b55-2437-4671-b70b-5524374671f5', 'purchaseRequestNo': 'PR2020090800001', 'reason': '', 'remark': '11', 'state': 1, 'status': 200, 'syncMessage': '', 'syncStatus': 500}, {'buyerAccount': 'wuxi', 'buyerName': '吴茜', 'companyCode': '6800', 'companyName': '销售公司', 'createBy': 'wuxi', 'createTime': '2020-08-10 17:34:00', 'dataSource': 1, 'lastUpdateBy': '', 'lastUpdateTime': None, 'objectVersionNumber': None, 'purchaseOrgCode': '2000', 'purchaseOrgName': '销售公司', 'purchaseRequestDtlList': [], 'purchaseRequestId': 'af614af4-2cfd-4e7d-a14a-f42cfdbe7d8d', 'purchaseRequestNo': 'PR2020081000003', 'reason': '', 'remark': '测试6813工厂采购采购', 'state': 1, 'status': 200, 'syncMessage': '', 'syncStatus': 500}, {'buyerAccount': 'wuxi', 'buyerName': '吴茜', 'companyCode': '6100', 'companyName': '板式家具公司', 'createBy': 'wuxi', 'createTime': '2020-07-20 17:58:26', 'dataSource': 1, 'lastUpdateBy': 'wuxi', 'lastUpdateTime': '2020-07-20 18:00:04', 'objectVersionNumber': None, 'purchaseOrgCode': '1000', 'purchaseOrgName': '采购供应部', 'purchaseRequestDtlList': [], 'purchaseRequestId': 'bc6372ae-e15c-42fb-a372-aee15ce2fb37', 'purchaseRequestNo': 'PR2020072000006', 'reason': '', 'remark': '1234567890', 'state': 1, 'status': 200, 'syncMessage': '', 'syncStatus': 500}], 'rows': 10, 'total': 6}, 'msg': '', 'success': 1}
2021-03-31 05:00:25,416 - root - INFO - -----采购申请保存接口-----
2021-03-31 05:00:26,423 - root - INFO - 获取请求结果:{'code': '', 'data': None, 'msg': '', 'success': 1}
2021-03-31 05:00:26,428 - root - INFO - -----采购申请保存接口-----
2021-03-31 05:00:26,494 - root - INFO - 获取请求结果:{'code': '', 'data': None, 'msg': '', 'success': 1}
2021-03-31 16:59:48,181 - root - INFO - -----采购申请保存接口-----
2021-03-31 16:59:48,346 - root - INFO - -----采购申请保存接口-----
2021-03-31 17:08:27,995 - root - INFO - -----采购申请保存接口-----
2021-03-31 17:08:28,325 - root - INFO - 获取请求结果:{'code': '', 'data': None, 'msg': '', 'success': 1}
2021-03-31 17:08:28,328 - root - INFO - -----采购申请保存接口-----
2021-03-31 17:08:28,421 - root - INFO - 获取请求结果:{'code': '', 'data': None, 'msg': '', 'success': 1}
2021-03-31 17:09:24,164 - root - INFO - -----采购申请保存接口-----
2021-03-31 17:09:24,262 - root - INFO - 获取请求结果:{'code': '', 'data': None, 'msg': '', 'success': 1}
2021-03-31 17:09:24,265 - root - INFO - -----采购申请保存接口-----
2021-03-31 17:09:24,415 - root - INFO - 获取请求结果:{'code': '', 'data': None, 'msg': '', 'success': 1}
2021-03-31 17:09:45,158 - root - INFO - -----采购申请保存接口-----
2021-03-31 17:09:45,236 - root - INFO - 获取请求结果:{'code': '', 'data': None, 'msg': '', 'success': 1}
2021-03-31 17:09:45,240 - root - INFO - -----采购申请保存接口-----
2021-03-31 17:09:45,328 - root - INFO - 获取请求结果:{'code': '', 'data': None, 'msg': '', 'success': 1}
2021-03-31 17:12:08,025 - root - INFO - -----采购申请保存接口-----
2021-03-31 17:12:08,139 - root - INFO - 获取请求结果:{'code': '', 'data': None, 'msg': '', 'success': 1}
2021-03-31 17:12:08,143 - root - INFO - -----采购申请保存接口-----
2021-03-31 17:12:08,235 - root - INFO - 获取请求结果:{'code': '', 'data': None, 'msg': '', 'success': 1}
2021-03-31 17:16:03,685 - root - INFO - -----采购申请保存接口-----
2021-03-31 17:16:03,752 - root - INFO - 获取请求结果:{'code': '', 'data': None, 'msg': '', 'success': 1}
2021-03-31 17:16:03,756 - root - INFO - -----采购申请保存接口-----
2021-03-31 17:16:03,842 - root - INFO - 获取请求结果:{'code': '', 'data': None, 'msg': '', 'success': 1}
2021-03-31 17:16:15,910 - root - INFO - -----采购申请保存接口-----
2021-03-31 17:16:16,069 - root - INFO - 获取请求结果:{'code': '', 'data': None, 'msg': '', 'success': 1}
2021-03-31 17:16:16,072 - root - INFO - -----采购申请保存接口-----
2021-03-31 17:16:16,154 - root - INFO - 获取请求结果:{'code': '', 'data': None, 'msg': '', 'success': 1}
2021-03-31 17:30:42,487 - root - INFO - -----采购申请保存接口-----
2021-03-31 17:30:42,628 - root - INFO - 获取请求结果:{'code': '', 'data': None, 'msg': '', 'success': 1}
2021-03-31 17:30:42,781 - root - INFO - -----采购申请保存接口-----
2021-03-31 17:30:42,864 - root - INFO - 获取请求结果:{'code': '', 'data': None, 'msg': '', 'success': 1}
2021-03-31 17:31:40,875 - root - INFO - -----采购申请保存接口-----
2021-03-31 17:31:40,968 - root - INFO - 获取请求结果:{'code': '', 'data': None, 'msg': '', 'success': 1}
2021-03-31 17:31:41,184 - root - INFO - -----采购申请保存接口-----
2021-03-31 17:31:41,271 - root - INFO - 获取请求结果:{'code': '', 'data': None, 'msg': '', 'success': 1}
2021-03-31 17:32:18,118 - root - INFO - -----采购申请保存接口-----
2021-03-31 17:32:18,184 - root - INFO - 获取请求结果:{'code': '', 'data': None, 'msg': '', 'success': 1}
2021-03-31 17:32:18,595 - root - INFO - -----采购申请保存接口-----
2021-03-31 17:32:18,667 - root - INFO - 获取请求结果:{'code': '', 'data': None, 'msg': '', 'success': 1}
2021-03-31 17:32:21,491 - root - INFO - -----采购申请保存接口-----
2021-03-31 17:32:21,621 - root - INFO - 获取请求结果:{'code': '', 'data': None, 'msg': '', 'success': 1}
2021-03-31 17:32:21,880 - root - INFO - -----采购申请保存接口-----
2021-03-31 17:32:21,989 - root - INFO - 获取请求结果:{'code': '', 'data': None, 'msg': '', 'success': 1}
2021-03-31 17:32:46,707 - root - INFO - -----采购申请保存接口-----
2021-03-31 17:32:46,790 - root - INFO - 获取请求结果:{'code': '', 'data': None, 'msg': '', 'success': 1}
2021-03-31 17:32:47,017 - root - INFO - -----采购申请保存接口-----
2021-03-31 17:32:47,485 - root - INFO - 获取请求结果:{'code': '', 'data': None, 'msg': '', 'success': 1}
2021-03-31 17:34:07,748 - root - INFO - -----采购申请保存接口-----
2021-03-31 17:34:07,868 - root - INFO - 获取请求结果:{'code': '', 'data': None, 'msg': '', 'success': 1}
2021-03-31 17:34:08,079 - root - INFO - -----采购申请保存接口-----
2021-03-31 17:34:08,195 - root - INFO - 获取请求结果:{'code': '', 'data': None, 'msg': '', 'success': 1}
2021-03-31 17:40:07,623 - root - INFO - -----采购申请保存接口-----
2021-03-31 17:40:07,728 - root - INFO - 获取请求结果:{'code': '', 'data': None, 'msg': '', 'success': 1}
2021-03-31 17:40:07,960 - root - INFO - -----采购申请保存接口-----
2021-03-31 17:40:08,018 - root - INFO - 获取请求结果:{'code': '', 'data': None, 'msg': '', 'success': 1}
2021-03-31 17:40:26,460 - root - INFO - -----采购申请保存接口-----
2021-03-31 17:40:26,576 - root - INFO - 获取请求结果:{'code': '', 'data': None, 'msg': '', 'success': 1}
2021-03-31 17:40:26,711 - root - INFO - -----采购申请保存接口-----
2021-03-31 17:40:26,788 - root - INFO - 获取请求结果:{'code': '', 'data': None, 'msg': '', 'success': 1}
2021-03-31 17:40:56,601 - root - INFO - -----采购申请保存接口-----
2021-03-31 17:40:56,745 - root - INFO - 获取请求结果:{'code': '', 'data': None, 'msg': '', 'success': 1}
2021-03-31 17:40:56,881 - root - INFO - -----采购申请保存接口-----
2021-03-31 17:40:56,943 - root - INFO - 获取请求结果:{'code': '', 'data': None, 'msg': '', 'success': 1}
2021-03-31 17:46:58,868 - root - INFO - -----采购申请保存接口-----
2021-03-31 17:46:58,953 - root - INFO - 获取请求结果:{'code': '', 'data': None, 'msg': '', 'success': 1}
2021-03-31 17:46:59,176 - root - INFO - -----采购申请保存接口-----
2021-03-31 17:46:59,556 - root - INFO - 获取请求结果:{'code': '', 'data': None, 'msg': '', 'success': 1}
2021-03-31 17:48:14,506 - root - INFO - -----采购申请保存接口-----
2021-03-31 17:48:14,593 - root - INFO - 获取请求结果:{'code': '', 'data': None, 'msg': '', 'success': 1}
2021-03-31 17:48:14,843 - root - INFO - -----采购申请保存接口-----
2021-03-31 17:48:14,978 - root - INFO - 获取请求结果:{'code': '', 'data': None, 'msg': '', 'success': 1}
2021-03-31 17:53:34,262 - root - INFO - -----采购申请保存接口-----
2021-03-31 17:53:34,330 - root - INFO - 获取请求结果:{'code': '', 'data': None, 'msg': '', 'success': 1}
2021-03-31 17:53:34,590 - root - INFO - -----采购申请保存接口-----
2021-03-31 17:53:34,662 - root - INFO - 获取请求结果:{'code': '', 'data': None, 'msg': '', 'success': 1}
2021-03-31 17:53:52,487 - root - INFO - -----采购申请保存接口-----
2021-03-31 17:53:52,569 - root - INFO - 获取请求结果:{'code': '', 'data': None, 'msg': '', 'success': 1}
2021-03-31 17:53:52,825 - root - INFO - -----采购申请保存接口-----
2021-03-31 17:53:52,920 - root - INFO - 获取请求结果:{'code': '', 'data': None, 'msg': '', 'success': 1}
2021-03-31 17:55:00,982 - root - INFO - -----采购申请保存接口-----
2021-03-31 17:55:01,059 - root - INFO - 获取请求结果:{'code': '', 'data': None, 'msg': '', 'success': 1}
2021-03-31 17:55:01,399 - root - INFO - -----采购申请保存接口-----
2021-03-31 17:55:01,466 - root - INFO - 获取请求结果:{'code': '', 'data': None, 'msg': '', 'success': 1}
2021-03-31 17:57:24,377 - root - INFO - -----采购申请保存接口-----
2021-03-31 17:57:24,494 - root - INFO - -----采购申请保存接口-----
